\BOOKMARK [0][-]{chapter.1}{\376\377\0001\000\040\000R\000E\000A\000D\000M\000E}{}% 1
\BOOKMARK [0][-]{chapter.2}{\376\377\0002\000\040\000I\000n\000d\000e\000x\000\040\000d\000e\000s\000\040\000c\000l\000a\000s\000s\000e\000s}{}% 2
\BOOKMARK [1][-]{section.2.1}{\376\377\0002\000.\0001\000\040\000L\000i\000s\000t\000e\000\040\000d\000e\000s\000\040\000c\000l\000a\000s\000s\000e\000s}{chapter.2}% 3
\BOOKMARK [0][-]{chapter.3}{\376\377\0003\000\040\000I\000n\000d\000e\000x\000\040\000d\000e\000s\000\040\000f\000i\000c\000h\000i\000e\000r\000s}{}% 4
\BOOKMARK [1][-]{section.3.1}{\376\377\0003\000.\0001\000\040\000L\000i\000s\000t\000e\000\040\000d\000e\000s\000\040\000f\000i\000c\000h\000i\000e\000r\000s}{chapter.3}% 5
\BOOKMARK [0][-]{chapter.4}{\376\377\0004\000\040\000D\000o\000c\000u\000m\000e\000n\000t\000a\000t\000i\000o\000n\000\040\000d\000e\000s\000\040\000c\000l\000a\000s\000s\000e\000s}{}% 6
\BOOKMARK [1][-]{section.4.1}{\376\377\0004\000.\0001\000\040\000R\000\351\000f\000\351\000r\000e\000n\000c\000e\000\040\000d\000e\000\040\000l\000a\000\040\000c\000l\000a\000s\000s\000e\000\040\000C\000a\000n}{chapter.4}% 7
\BOOKMARK [2][-]{subsection.4.1.1}{\376\377\0004\000.\0001\000.\0001\000\040\000D\000e\000s\000c\000r\000i\000p\000t\000i\000o\000n\000\040\000d\000\351\000t\000a\000i\000l\000l\000\351\000e}{section.4.1}% 8
\BOOKMARK [2][-]{subsection.4.1.2}{\376\377\0004\000.\0001\000.\0002\000\040\000D\000o\000c\000u\000m\000e\000n\000t\000a\000t\000i\000o\000n\000\040\000d\000e\000s\000\040\000c\000o\000n\000s\000t\000r\000u\000c\000t\000e\000u\000r\000s\000\040\000e\000t\000\040\000d\000e\000s\000t\000r\000u\000c\000t\000e\000u\000r}{section.4.1}% 9
\BOOKMARK [3][-]{subsubsection.4.1.2.1}{\376\377\0004\000.\0001\000.\0002\000.\0001\000\040\000C\000a\000n\000\050\000\051}{subsection.4.1.2}% 10
\BOOKMARK [2][-]{subsection.4.1.3}{\376\377\0004\000.\0001\000.\0003\000\040\000D\000o\000c\000u\000m\000e\000n\000t\000a\000t\000i\000o\000n\000\040\000d\000e\000s\000\040\000f\000o\000n\000c\000t\000i\000o\000n\000s\000\040\000m\000e\000m\000b\000r\000e\000s}{section.4.1}% 11
\BOOKMARK [3][-]{subsubsection.4.1.3.1}{\376\377\0004\000.\0001\000.\0003\000.\0001\000\040\000i\000n\000i\000t\000\050\000\051}{subsection.4.1.3}% 12
\BOOKMARK [3][-]{subsubsection.4.1.3.2}{\376\377\0004\000.\0001\000.\0003\000.\0002\000\040\000i\000s\000\137\000v\000a\000l\000i\000d\000\137\000a\000d\000d\000r\000\050\000\051}{subsection.4.1.3}% 13
\BOOKMARK [3][-]{subsubsection.4.1.3.3}{\376\377\0004\000.\0001\000.\0003\000.\0003\000\040\000i\000s\000\137\000v\000a\000l\000i\000d\000\137\000c\000o\000d\000e\000\137\000f\000c\000t\000\050\000\051}{subsection.4.1.3}% 14
\BOOKMARK [3][-]{subsubsection.4.1.3.4}{\376\377\0004\000.\0001\000.\0003\000.\0004\000\040\000s\000e\000n\000d\000\050\000\051}{subsection.4.1.3}% 15
\BOOKMARK [3][-]{subsubsection.4.1.3.5}{\376\377\0004\000.\0001\000.\0003\000.\0005\000\040\000s\000t\000a\000r\000t\000\137\000l\000i\000s\000t\000e\000n\000\050\000\051}{subsection.4.1.3}% 16
\BOOKMARK [3][-]{subsubsection.4.1.3.6}{\376\377\0004\000.\0001\000.\0003\000.\0006\000\040\000t\000r\000a\000i\000t\000e\000m\000e\000n\000t\000\050\000\051}{subsection.4.1.3}% 17
\BOOKMARK [1][-]{section.4.2}{\376\377\0004\000.\0002\000\040\000R\000\351\000f\000\351\000r\000e\000n\000c\000e\000\040\000d\000e\000\040\000l\000a\000\040\000c\000l\000a\000s\000s\000e\000\040\000C\000A\000N}{chapter.4}% 18
\BOOKMARK [2][-]{subsection.4.2.1}{\376\377\0004\000.\0002\000.\0001\000\040\000D\000e\000s\000c\000r\000i\000p\000t\000i\000o\000n\000\040\000d\000\351\000t\000a\000i\000l\000l\000\351\000e}{section.4.2}% 19
\BOOKMARK [1][-]{section.4.3}{\376\377\0004\000.\0003\000\040\000R\000\351\000f\000\351\000r\000e\000n\000c\000e\000\040\000d\000e\000\040\000l\000a\000\040\000s\000t\000r\000u\000c\000t\000u\000r\000e\000\040\000C\000a\000n\000R\000e\000s\000p\000o\000n\000s\000e\000\137\000t}{chapter.4}% 20
\BOOKMARK [2][-]{subsection.4.3.1}{\376\377\0004\000.\0003\000.\0001\000\040\000D\000e\000s\000c\000r\000i\000p\000t\000i\000o\000n\000\040\000d\000\351\000t\000a\000i\000l\000l\000\351\000e}{section.4.3}% 21
\BOOKMARK [2][-]{subsection.4.3.2}{\376\377\0004\000.\0003\000.\0002\000\040\000D\000o\000c\000u\000m\000e\000n\000t\000a\000t\000i\000o\000n\000\040\000d\000e\000s\000\040\000d\000o\000n\000n\000\351\000e\000s\000\040\000m\000e\000m\000b\000r\000e\000s}{section.4.3}% 22
\BOOKMARK [3][-]{subsubsection.4.3.2.1}{\376\377\0004\000.\0003\000.\0002\000.\0001\000\040\000a\000d\000d\000r}{subsection.4.3.2}% 23
\BOOKMARK [3][-]{subsubsection.4.3.2.2}{\376\377\0004\000.\0003\000.\0002\000.\0002\000\040\000c\000o\000d\000e\000F\000c\000t}{subsection.4.3.2}% 24
\BOOKMARK [3][-]{subsubsection.4.3.2.3}{\376\377\0004\000.\0003\000.\0002\000.\0003\000\040\000d\000a\000t\000a}{subsection.4.3.2}% 25
\BOOKMARK [3][-]{subsubsection.4.3.2.4}{\376\377\0004\000.\0003\000.\0002\000.\0004\000\040\000d\000a\000t\000a\000L\000e\000n}{subsection.4.3.2}% 26
\BOOKMARK [3][-]{subsubsection.4.3.2.5}{\376\377\0004\000.\0003\000.\0002\000.\0005\000\040\000e\000m\000e\000t\000t\000e\000u\000r}{subsection.4.3.2}% 27
\BOOKMARK [3][-]{subsubsection.4.3.2.6}{\376\377\0004\000.\0003\000.\0002\000.\0006\000\040\000i\000s\000R\000e\000p}{subsection.4.3.2}% 28
\BOOKMARK [3][-]{subsubsection.4.3.2.7}{\376\377\0004\000.\0003\000.\0002\000.\0007\000\040\000R\000e\000p\000I\000d}{subsection.4.3.2}% 29
\BOOKMARK [0][-]{chapter.5}{\376\377\0005\000\040\000D\000o\000c\000u\000m\000e\000n\000t\000a\000t\000i\000o\000n\000\040\000d\000e\000s\000\040\000f\000i\000c\000h\000i\000e\000r\000s}{}% 30
\BOOKMARK [1][-]{section.5.1}{\376\377\0005\000.\0001\000\040\000R\000\351\000f\000\351\000r\000e\000n\000c\000e\000\040\000d\000u\000\040\000f\000i\000c\000h\000i\000e\000r\000\040\000c\000a\000n\000C\000l\000a\000s\000s\000.\000c\000p\000p}{chapter.5}% 31
\BOOKMARK [1][-]{section.5.2}{\376\377\0005\000.\0002\000\040\000c\000a\000n\000C\000l\000a\000s\000s\000.\000c\000p\000p}{chapter.5}% 32
\BOOKMARK [1][-]{section.5.3}{\376\377\0005\000.\0003\000\040\000R\000\351\000f\000\351\000r\000e\000n\000c\000e\000\040\000d\000u\000\040\000f\000i\000c\000h\000i\000e\000r\000\040\000c\000a\000n\000C\000l\000a\000s\000s\000.\000h}{chapter.5}% 33
\BOOKMARK [1][-]{section.5.4}{\376\377\0005\000.\0004\000\040\000c\000a\000n\000C\000l\000a\000s\000s\000.\000h}{chapter.5}% 34
\BOOKMARK [1][-]{section.5.5}{\376\377\0005\000.\0005\000\040\000R\000\351\000f\000\351\000r\000e\000n\000c\000e\000\040\000d\000u\000\040\000f\000i\000c\000h\000i\000e\000r\000\040\000d\000e\000f\000i\000n\000e\000C\000a\000n\000.\000h}{chapter.5}% 35
\BOOKMARK [2][-]{subsection.5.5.1}{\376\377\0005\000.\0005\000.\0001\000\040\000D\000o\000c\000u\000m\000e\000n\000t\000a\000t\000i\000o\000n\000\040\000d\000e\000s\000\040\000m\000a\000c\000r\000o\000s}{section.5.5}% 36
\BOOKMARK [3][-]{subsubsection.5.5.1.1}{\376\377\0005\000.\0005\000.\0001\000.\0001\000\040\000A\000V\000A\000N\000C\000E}{subsection.5.5.1}% 37
\BOOKMARK [3][-]{subsubsection.5.5.1.2}{\376\377\0005\000.\0005\000.\0001\000.\0002\000\040\000C\000A\000N\000\137\000A\000D\000D\000R\000\137\000B\000A\000S\000E\000\137\000R\000O\000U\000L\000A\000N\000T\000E}{subsection.5.5.1}% 38
\BOOKMARK [3][-]{subsubsection.5.5.1.3}{\376\377\0005\000.\0005\000.\0001\000.\0003\000\040\000C\000A\000N\000\137\000A\000D\000D\000R\000\137\000R\000A\000S\000P\000B\000E\000R\000R\000Y}{subsection.5.5.1}% 39
\BOOKMARK [3][-]{subsubsection.5.5.1.4}{\376\377\0005\000.\0005\000.\0001\000.\0004\000\040\000C\000A\000N\000\137\000B\000U\000S\000\137\000N\000A\000M\000E}{subsection.5.5.1}% 40
\BOOKMARK [3][-]{subsubsection.5.5.1.5}{\376\377\0005\000.\0005\000.\0001\000.\0005\000\040\000C\000A\000N\000\137\000D\000E\000C\000A\000L\000A\000G\000E\000\137\000A\000D\000D\000R\000\137\000E\000M\000E\000T\000T\000E\000U\000R}{subsection.5.5.1}% 41
\BOOKMARK [3][-]{subsubsection.5.5.1.6}{\376\377\0005\000.\0005\000.\0001\000.\0006\000\040\000C\000A\000N\000\137\000D\000E\000C\000A\000L\000A\000G\000E\000\137\000A\000D\000D\000R\000\137\000R\000E\000C\000E\000P\000T\000E\000U\000R}{subsection.5.5.1}% 42
\BOOKMARK [3][-]{subsubsection.5.5.1.7}{\376\377\0005\000.\0005\000.\0001\000.\0007\000\040\000C\000A\000N\000\137\000D\000E\000C\000A\000L\000A\000G\000E\000\137\000C\000O\000D\000E\000\137\000F\000C\000T}{subsection.5.5.1}% 43
\BOOKMARK [3][-]{subsubsection.5.5.1.8}{\376\377\0005\000.\0005\000.\0001\000.\0008\000\040\000C\000A\000N\000\137\000D\000E\000C\000A\000L\000A\000G\000E\000\137\000I\000S\000\137\000R\000E\000P}{subsection.5.5.1}% 44
\BOOKMARK [3][-]{subsubsection.5.5.1.9}{\376\377\0005\000.\0005\000.\0001\000.\0009\000\040\000C\000A\000N\000\137\000D\000E\000C\000A\000L\000A\000G\000E\000\137\000R\000E\000P\000\137\000N\000B\000R}{subsection.5.5.1}% 45
\BOOKMARK [3][-]{subsubsection.5.5.1.10}{\376\377\0005\000.\0005\000.\0001\000.\0001\0000\000\040\000C\000A\000N\000\137\000E\000\137\000B\000I\000N\000D\000\137\000E\000R\000R\000O\000R}{subsection.5.5.1}% 46
\BOOKMARK [3][-]{subsubsection.5.5.1.11}{\376\377\0005\000.\0005\000.\0001\000.\0001\0001\000\040\000C\000A\000N\000\137\000E\000\137\000D\000A\000T\000A\000\137\000S\000I\000Z\000E\000\137\000T\000O\000O\000\137\000L\000O\000N\000G}{subsection.5.5.1}% 47
\BOOKMARK [3][-]{subsubsection.5.5.1.12}{\376\377\0005\000.\0005\000.\0001\000.\0001\0002\000\040\000C\000A\000N\000\137\000E\000\137\000O\000O\000B\000\137\000A\000D\000D\000R}{subsection.5.5.1}% 48
\BOOKMARK [3][-]{subsubsection.5.5.1.13}{\376\377\0005\000.\0005\000.\0001\000.\0001\0003\000\040\000C\000A\000N\000\137\000E\000\137\000O\000O\000B\000\137\000C\000O\000D\000E\000\137\000F\000C\000T}{subsection.5.5.1}% 49
\BOOKMARK [3][-]{subsubsection.5.5.1.14}{\376\377\0005\000.\0005\000.\0001\000.\0001\0004\000\040\000C\000A\000N\000\137\000E\000\137\000O\000O\000B\000\137\000D\000A\000T\000A}{subsection.5.5.1}% 50
\BOOKMARK [3][-]{subsubsection.5.5.1.15}{\376\377\0005\000.\0005\000.\0001\000.\0001\0005\000\040\000C\000A\000N\000\137\000E\000\137\000O\000O\000B\000\137\000R\000E\000P\000\137\000N\000B\000R}{subsection.5.5.1}% 51
\BOOKMARK [3][-]{subsubsection.5.5.1.16}{\376\377\0005\000.\0005\000.\0001\000.\0001\0006\000\040\000C\000A\000N\000\137\000E\000\137\000R\000E\000A\000D\000\137\000E\000R\000R\000O\000R}{subsection.5.5.1}% 52
\BOOKMARK [3][-]{subsubsection.5.5.1.17}{\376\377\0005\000.\0005\000.\0001\000.\0001\0007\000\040\000C\000A\000N\000\137\000E\000\137\000S\000O\000C\000K\000E\000T\000\137\000E\000R\000R\000O\000R}{subsection.5.5.1}% 53
\BOOKMARK [3][-]{subsubsection.5.5.1.18}{\376\377\0005\000.\0005\000.\0001\000.\0001\0008\000\040\000C\000A\000N\000\137\000E\000\137\000U\000N\000K\000N\000O\000W\000\137\000A\000D\000D\000R}{subsection.5.5.1}% 54
\BOOKMARK [3][-]{subsubsection.5.5.1.19}{\376\377\0005\000.\0005\000.\0001\000.\0001\0009\000\040\000C\000A\000N\000\137\000E\000\137\000U\000N\000K\000N\000O\000W\000\137\000C\000O\000D\000E\000\137\000F\000C\000T}{subsection.5.5.1}% 55
\BOOKMARK [3][-]{subsubsection.5.5.1.20}{\376\377\0005\000.\0005\000.\0001\000.\0002\0000\000\040\000C\000A\000N\000\137\000E\000\137\000W\000R\000I\000T\000E\000\137\000E\000R\000R\000O\000R}{subsection.5.5.1}% 56
\BOOKMARK [3][-]{subsubsection.5.5.1.21}{\376\377\0005\000.\0005\000.\0001\000.\0002\0001\000\040\000C\000A\000N\000\137\000F\000I\000L\000T\000E\000R\000\137\000A\000D\000D\000R\000\137\000E\000M\000E\000T\000T\000E\000U\000R}{subsection.5.5.1}% 57
\BOOKMARK [3][-]{subsubsection.5.5.1.22}{\376\377\0005\000.\0005\000.\0001\000.\0002\0002\000\040\000C\000A\000N\000\137\000F\000I\000L\000T\000E\000R\000\137\000A\000D\000D\000R\000\137\000R\000E\000C\000E\000P\000T\000E\000U\000R}{subsection.5.5.1}% 58
\BOOKMARK [3][-]{subsubsection.5.5.1.23}{\376\377\0005\000.\0005\000.\0001\000.\0002\0003\000\040\000C\000A\000N\000\137\000F\000I\000L\000T\000E\000R\000\137\000C\000O\000D\000E\000\137\000F\000C\000T}{subsection.5.5.1}% 59
\BOOKMARK [3][-]{subsubsection.5.5.1.24}{\376\377\0005\000.\0005\000.\0001\000.\0002\0004\000\040\000C\000A\000N\000\137\000F\000I\000L\000T\000E\000R\000\137\000I\000S\000\137\000R\000E\000P}{subsection.5.5.1}% 60
\BOOKMARK [3][-]{subsubsection.5.5.1.25}{\376\377\0005\000.\0005\000.\0001\000.\0002\0005\000\040\000C\000A\000N\000\137\000F\000I\000L\000T\000E\000R\000\137\000R\000E\000P\000\137\000N\000B\000R}{subsection.5.5.1}% 61
\BOOKMARK [3][-]{subsubsection.5.5.1.26}{\376\377\0005\000.\0005\000.\0001\000.\0002\0006\000\040\000C\000A\000N\000\137\000L\000I\000S\000T\000\137\000A\000D\000D\000R}{subsection.5.5.1}% 62
\BOOKMARK [3][-]{subsubsection.5.5.1.27}{\376\377\0005\000.\0005\000.\0001\000.\0002\0007\000\040\000C\000A\000N\000\137\000L\000I\000S\000T\000\137\000C\000O\000D\000E\000\137\000F\000C\000T}{subsection.5.5.1}% 63
\BOOKMARK [3][-]{subsubsection.5.5.1.28}{\376\377\0005\000.\0005\000.\0001\000.\0002\0008\000\040\000C\000A\000N\000\137\000M\000A\000X\000\137\000V\000A\000L\000U\000E\000\137\000A\000D\000D\000R}{subsection.5.5.1}% 64
\BOOKMARK [3][-]{subsubsection.5.5.1.29}{\376\377\0005\000.\0005\000.\0001\000.\0002\0009\000\040\000C\000A\000N\000\137\000M\000A\000X\000\137\000V\000A\000L\000U\000E\000\137\000C\000O\000D\000E\000\137\000F\000C\000T}{subsection.5.5.1}% 65
\BOOKMARK [3][-]{subsubsection.5.5.1.30}{\376\377\0005\000.\0005\000.\0001\000.\0003\0000\000\040\000C\000A\000N\000\137\000M\000A\000X\000\137\000V\000A\000L\000U\000E\000\137\000R\000E\000P\000\137\000N\000B\000R}{subsection.5.5.1}% 66
\BOOKMARK [3][-]{subsubsection.5.5.1.31}{\376\377\0005\000.\0005\000.\0001\000.\0003\0001\000\040\000R\000E\000P\000\137\000A\000V\000A\000N\000C\000E}{subsection.5.5.1}% 67
\BOOKMARK [1][-]{section.5.6}{\376\377\0005\000.\0006\000\040\000d\000e\000f\000i\000n\000e\000C\000a\000n\000.\000h}{chapter.5}% 68
\BOOKMARK [1][-]{section.5.7}{\376\377\0005\000.\0007\000\040\000R\000\351\000f\000\351\000r\000e\000n\000c\000e\000\040\000d\000u\000\040\000f\000i\000c\000h\000i\000e\000r\000\040\000m\000a\000i\000n\000.\000c\000p\000p}{chapter.5}% 69
\BOOKMARK [2][-]{subsection.5.7.1}{\376\377\0005\000.\0007\000.\0001\000\040\000D\000o\000c\000u\000m\000e\000n\000t\000a\000t\000i\000o\000n\000\040\000d\000e\000s\000\040\000f\000o\000n\000c\000t\000i\000o\000n\000s}{section.5.7}% 70
\BOOKMARK [3][-]{subsubsection.5.7.1.1}{\376\377\0005\000.\0007\000.\0001\000.\0001\000\040\000m\000a\000i\000n\000\050\000\051}{subsection.5.7.1}% 71
\BOOKMARK [3][-]{subsubsection.5.7.1.2}{\376\377\0005\000.\0007\000.\0001\000.\0002\000\040\000w\000a\000i\000t\000\050\000\051}{subsection.5.7.1}% 72
\BOOKMARK [1][-]{section.5.8}{\376\377\0005\000.\0008\000\040\000m\000a\000i\000n\000.\000c\000p\000p}{chapter.5}% 73
\BOOKMARK [1][-]{section.5.9}{\376\377\0005\000.\0009\000\040\000R\000\351\000f\000\351\000r\000e\000n\000c\000e\000\040\000d\000u\000\040\000f\000i\000c\000h\000i\000e\000r\000\040\000R\000E\000A\000D\000M\000E\000.\000m\000d}{chapter.5}% 74
\BOOKMARK [0][-]{section*.6}{\376\377\000I\000n\000d\000e\000x}{}% 75
