\BOOKMARK [0][-]{chapter.1}{\376\377\0001\000\040\000C\000l\000a\000s\000s\000\040\000I\000n\000d\000e\000x}{}% 1
\BOOKMARK [1][-]{section.1.1}{\376\377\0001\000.\0001\000\040\000C\000l\000a\000s\000s\000\040\000L\000i\000s\000t}{chapter.1}% 2
\BOOKMARK [0][-]{chapter.2}{\376\377\0002\000\040\000F\000i\000l\000e\000\040\000I\000n\000d\000e\000x}{}% 3
\BOOKMARK [1][-]{section.2.1}{\376\377\0002\000.\0001\000\040\000F\000i\000l\000e\000\040\000L\000i\000s\000t}{chapter.2}% 4
\BOOKMARK [0][-]{chapter.3}{\376\377\0003\000\040\000C\000l\000a\000s\000s\000\040\000D\000o\000c\000u\000m\000e\000n\000t\000a\000t\000i\000o\000n}{}% 5
\BOOKMARK [1][-]{section.3.1}{\376\377\0003\000.\0001\000\040\000s\000e\000r\000i\000a\000l\000i\000b\000\040\000C\000l\000a\000s\000s\000\040\000R\000e\000f\000e\000r\000e\000n\000c\000e}{chapter.3}% 6
\BOOKMARK [2][-]{subsection.3.1.1}{\376\377\0003\000.\0001\000.\0001\000\040\000D\000e\000t\000a\000i\000l\000e\000d\000\040\000D\000e\000s\000c\000r\000i\000p\000t\000i\000o\000n}{section.3.1}% 7
\BOOKMARK [2][-]{subsection.3.1.2}{\376\377\0003\000.\0001\000.\0002\000\040\000C\000o\000n\000s\000t\000r\000u\000c\000t\000o\000r\000\040\000\046\000\040\000D\000e\000s\000t\000r\000u\000c\000t\000o\000r\000\040\000D\000o\000c\000u\000m\000e\000n\000t\000a\000t\000i\000o\000n}{section.3.1}% 8
\BOOKMARK [3][-]{subsubsection.3.1.2.1}{\376\377\0003\000.\0001\000.\0002\000.\0001\000\040\000s\000e\000r\000i\000a\000l\000i\000b\000\050\000\051}{subsection.3.1.2}% 9
\BOOKMARK [3][-]{subsubsection.3.1.2.2}{\376\377\0003\000.\0001\000.\0002\000.\0002\000\040\000\040\000s\000e\000r\000i\000a\000l\000i\000b\000\050\000\051}{subsection.3.1.2}% 10
\BOOKMARK [2][-]{subsection.3.1.3}{\376\377\0003\000.\0001\000.\0003\000\040\000M\000e\000m\000b\000e\000r\000\040\000F\000u\000n\000c\000t\000i\000o\000n\000\040\000D\000o\000c\000u\000m\000e\000n\000t\000a\000t\000i\000o\000n}{section.3.1}% 11
\BOOKMARK [3][-]{subsubsection.3.1.3.1}{\376\377\0003\000.\0001\000.\0003\000.\0001\000\040\000a\000v\000a\000i\000l\000a\000b\000l\000e\000\050\000\051}{subsection.3.1.3}% 12
\BOOKMARK [3][-]{subsubsection.3.1.3.2}{\376\377\0003\000.\0001\000.\0003\000.\0002\000\040\000c\000l\000e\000a\000r\000D\000T\000R\000\050\000\051}{subsection.3.1.3}% 13
\BOOKMARK [3][-]{subsubsection.3.1.3.3}{\376\377\0003\000.\0001\000.\0003\000.\0003\000\040\000c\000l\000e\000a\000r\000R\000T\000S\000\050\000\051}{subsection.3.1.3}% 14
\BOOKMARK [3][-]{subsubsection.3.1.3.4}{\376\377\0003\000.\0001\000.\0003\000.\0004\000\040\000c\000l\000o\000s\000e\000D\000e\000v\000i\000c\000e\000\050\000\051}{subsection.3.1.3}% 15
\BOOKMARK [3][-]{subsubsection.3.1.3.5}{\376\377\0003\000.\0001\000.\0003\000.\0005\000\040\000D\000T\000R\000\050\000\051}{subsection.3.1.3}% 16
\BOOKMARK [3][-]{subsubsection.3.1.3.6}{\376\377\0003\000.\0001\000.\0003\000.\0006\000\040\000f\000l\000u\000s\000h\000R\000e\000c\000e\000i\000v\000e\000r\000\050\000\051}{subsection.3.1.3}% 17
\BOOKMARK [3][-]{subsubsection.3.1.3.7}{\376\377\0003\000.\0001\000.\0003\000.\0007\000\040\000i\000s\000C\000T\000S\000\050\000\051}{subsection.3.1.3}% 18
\BOOKMARK [3][-]{subsubsection.3.1.3.8}{\376\377\0003\000.\0001\000.\0003\000.\0008\000\040\000i\000s\000D\000C\000D\000\050\000\051}{subsection.3.1.3}% 19
\BOOKMARK [3][-]{subsubsection.3.1.3.9}{\376\377\0003\000.\0001\000.\0003\000.\0009\000\040\000i\000s\000D\000e\000v\000i\000c\000e\000O\000p\000e\000n\000\050\000\051}{subsection.3.1.3}% 20
\BOOKMARK [3][-]{subsubsection.3.1.3.10}{\376\377\0003\000.\0001\000.\0003\000.\0001\0000\000\040\000i\000s\000D\000S\000R\000\050\000\051}{subsection.3.1.3}% 21
\BOOKMARK [3][-]{subsubsection.3.1.3.11}{\376\377\0003\000.\0001\000.\0003\000.\0001\0001\000\040\000i\000s\000D\000T\000R\000\050\000\051}{subsection.3.1.3}% 22
\BOOKMARK [3][-]{subsubsection.3.1.3.12}{\376\377\0003\000.\0001\000.\0003\000.\0001\0002\000\040\000i\000s\000R\000I\000\050\000\051}{subsection.3.1.3}% 23
\BOOKMARK [3][-]{subsubsection.3.1.3.13}{\376\377\0003\000.\0001\000.\0003\000.\0001\0003\000\040\000i\000s\000R\000T\000S\000\050\000\051}{subsection.3.1.3}% 24
\BOOKMARK [3][-]{subsubsection.3.1.3.14}{\376\377\0003\000.\0001\000.\0003\000.\0001\0004\000\040\000o\000p\000e\000n\000D\000e\000v\000i\000c\000e\000\050\000\051}{subsection.3.1.3}% 25
\BOOKMARK [3][-]{subsubsection.3.1.3.15}{\376\377\0003\000.\0001\000.\0003\000.\0001\0005\000\040\000r\000e\000a\000d\000B\000y\000t\000e\000s\000\050\000\051}{subsection.3.1.3}% 26
\BOOKMARK [3][-]{subsubsection.3.1.3.16}{\376\377\0003\000.\0001\000.\0003\000.\0001\0006\000\040\000r\000e\000a\000d\000C\000h\000a\000r\000\050\000\051}{subsection.3.1.3}% 27
\BOOKMARK [3][-]{subsubsection.3.1.3.17}{\376\377\0003\000.\0001\000.\0003\000.\0001\0007\000\040\000r\000e\000a\000d\000S\000t\000r\000i\000n\000g\000\050\000\051}{subsection.3.1.3}% 28
\BOOKMARK [3][-]{subsubsection.3.1.3.18}{\376\377\0003\000.\0001\000.\0003\000.\0001\0008\000\040\000R\000T\000S\000\050\000\051}{subsection.3.1.3}% 29
\BOOKMARK [3][-]{subsubsection.3.1.3.19}{\376\377\0003\000.\0001\000.\0003\000.\0001\0009\000\040\000s\000e\000t\000D\000T\000R\000\050\000\051}{subsection.3.1.3}% 30
\BOOKMARK [3][-]{subsubsection.3.1.3.20}{\376\377\0003\000.\0001\000.\0003\000.\0002\0000\000\040\000s\000e\000t\000R\000T\000S\000\050\000\051}{subsection.3.1.3}% 31
\BOOKMARK [3][-]{subsubsection.3.1.3.21}{\376\377\0003\000.\0001\000.\0003\000.\0002\0001\000\040\000w\000r\000i\000t\000e\000B\000y\000t\000e\000s\000\050\000\051}{subsection.3.1.3}% 32
\BOOKMARK [3][-]{subsubsection.3.1.3.22}{\376\377\0003\000.\0001\000.\0003\000.\0002\0002\000\040\000w\000r\000i\000t\000e\000C\000h\000a\000r\000\050\000\051}{subsection.3.1.3}% 33
\BOOKMARK [3][-]{subsubsection.3.1.3.23}{\376\377\0003\000.\0001\000.\0003\000.\0002\0003\000\040\000w\000r\000i\000t\000e\000S\000t\000r\000i\000n\000g\000\050\000\051}{subsection.3.1.3}% 34
\BOOKMARK [1][-]{section.3.2}{\376\377\0003\000.\0002\000\040\000t\000i\000m\000e\000O\000u\000t\000\040\000C\000l\000a\000s\000s\000\040\000R\000e\000f\000e\000r\000e\000n\000c\000e}{chapter.3}% 35
\BOOKMARK [2][-]{subsection.3.2.1}{\376\377\0003\000.\0002\000.\0001\000\040\000D\000e\000t\000a\000i\000l\000e\000d\000\040\000D\000e\000s\000c\000r\000i\000p\000t\000i\000o\000n}{section.3.2}% 36
\BOOKMARK [2][-]{subsection.3.2.2}{\376\377\0003\000.\0002\000.\0002\000\040\000C\000o\000n\000s\000t\000r\000u\000c\000t\000o\000r\000\040\000\046\000\040\000D\000e\000s\000t\000r\000u\000c\000t\000o\000r\000\040\000D\000o\000c\000u\000m\000e\000n\000t\000a\000t\000i\000o\000n}{section.3.2}% 37
\BOOKMARK [3][-]{subsubsection.3.2.2.1}{\376\377\0003\000.\0002\000.\0002\000.\0001\000\040\000t\000i\000m\000e\000O\000u\000t\000\050\000\051}{subsection.3.2.2}% 38
\BOOKMARK [2][-]{subsection.3.2.3}{\376\377\0003\000.\0002\000.\0003\000\040\000M\000e\000m\000b\000e\000r\000\040\000F\000u\000n\000c\000t\000i\000o\000n\000\040\000D\000o\000c\000u\000m\000e\000n\000t\000a\000t\000i\000o\000n}{section.3.2}% 39
\BOOKMARK [3][-]{subsubsection.3.2.3.1}{\376\377\0003\000.\0002\000.\0003\000.\0001\000\040\000e\000l\000a\000p\000s\000e\000d\000T\000i\000m\000e\000\137\000m\000s\000\050\000\051}{subsection.3.2.3}% 40
\BOOKMARK [3][-]{subsubsection.3.2.3.2}{\376\377\0003\000.\0002\000.\0003\000.\0002\000\040\000i\000n\000i\000t\000T\000i\000m\000e\000r\000\050\000\051}{subsection.3.2.3}% 41
\BOOKMARK [1][-]{section.3.3}{\376\377\0003\000.\0003\000\040\000T\000r\000a\000m\000e\000\040\000S\000t\000r\000u\000c\000t\000\040\000R\000e\000f\000e\000r\000e\000n\000c\000e}{chapter.3}% 42
\BOOKMARK [2][-]{subsection.3.3.1}{\376\377\0003\000.\0003\000.\0001\000\040\000D\000e\000t\000a\000i\000l\000e\000d\000\040\000D\000e\000s\000c\000r\000i\000p\000t\000i\000o\000n}{section.3.3}% 43
\BOOKMARK [2][-]{subsection.3.3.2}{\376\377\0003\000.\0003\000.\0002\000\040\000M\000e\000m\000b\000e\000r\000\040\000D\000a\000t\000a\000\040\000D\000o\000c\000u\000m\000e\000n\000t\000a\000t\000i\000o\000n}{section.3.3}% 44
\BOOKMARK [3][-]{subsubsection.3.3.2.1}{\376\377\0003\000.\0003\000.\0002\000.\0001\000\040\000c\000o\000d\000e\000\137\000f\000c\000t}{subsection.3.3.2}% 45
\BOOKMARK [3][-]{subsubsection.3.3.2.2}{\376\377\0003\000.\0003\000.\0002\000.\0002\000\040\000d\000a\000t\000a}{subsection.3.3.2}% 46
\BOOKMARK [3][-]{subsubsection.3.3.2.3}{\376\377\0003\000.\0003\000.\0002\000.\0003\000\040\000i\000d\000\137\000d\000e\000s\000t}{subsection.3.3.2}% 47
\BOOKMARK [3][-]{subsubsection.3.3.2.4}{\376\377\0003\000.\0003\000.\0002\000.\0004\000\040\000i\000d\000\137\000e\000x\000p}{subsection.3.3.2}% 48
\BOOKMARK [3][-]{subsubsection.3.3.2.5}{\376\377\0003\000.\0003\000.\0002\000.\0005\000\040\000i\000d\000\137\000t\000r\000a\000m\000e}{subsection.3.3.2}% 49
\BOOKMARK [3][-]{subsubsection.3.3.2.6}{\376\377\0003\000.\0003\000.\0002\000.\0006\000\040\000s\000i\000z\000e}{subsection.3.3.2}% 50
\BOOKMARK [1][-]{section.3.4}{\376\377\0003\000.\0004\000\040\000x\000b\000e\000e\000\040\000C\000l\000a\000s\000s\000\040\000R\000e\000f\000e\000r\000e\000n\000c\000e}{chapter.3}% 51
\BOOKMARK [2][-]{subsection.3.4.1}{\376\377\0003\000.\0004\000.\0001\000\040\000D\000e\000t\000a\000i\000l\000e\000d\000\040\000D\000e\000s\000c\000r\000i\000p\000t\000i\000o\000n}{section.3.4}% 52
\BOOKMARK [2][-]{subsection.3.4.2}{\376\377\0003\000.\0004\000.\0002\000\040\000C\000o\000n\000s\000t\000r\000u\000c\000t\000o\000r\000\040\000\046\000\040\000D\000e\000s\000t\000r\000u\000c\000t\000o\000r\000\040\000D\000o\000c\000u\000m\000e\000n\000t\000a\000t\000i\000o\000n}{section.3.4}% 53
\BOOKMARK [3][-]{subsubsection.3.4.2.1}{\376\377\0003\000.\0004\000.\0002\000.\0001\000\040\000x\000b\000e\000e\000\050\000\051}{subsection.3.4.2}% 54
\BOOKMARK [3][-]{subsubsection.3.4.2.2}{\376\377\0003\000.\0004\000.\0002\000.\0002\000\040\000\040\000x\000b\000e\000e\000\050\000\051}{subsection.3.4.2}% 55
\BOOKMARK [2][-]{subsection.3.4.3}{\376\377\0003\000.\0004\000.\0003\000\040\000M\000e\000m\000b\000e\000r\000\040\000F\000u\000n\000c\000t\000i\000o\000n\000\040\000D\000o\000c\000u\000m\000e\000n\000t\000a\000t\000i\000o\000n}{section.3.4}% 56
\BOOKMARK [3][-]{subsubsection.3.4.3.1}{\376\377\0003\000.\0004\000.\0003\000.\0001\000\040\000c\000h\000e\000c\000k\000A\000T\000C\000o\000n\000f\000i\000g\000\050\000\051}{subsection.3.4.3}% 57
\BOOKMARK [3][-]{subsubsection.3.4.3.2}{\376\377\0003\000.\0004\000.\0003\000.\0002\000\040\000c\000l\000o\000s\000e\000S\000e\000r\000i\000a\000l\000C\000o\000n\000n\000e\000c\000t\000i\000o\000n\000\050\000\051}{subsection.3.4.3}% 58
\BOOKMARK [3][-]{subsubsection.3.4.3.3}{\376\377\0003\000.\0004\000.\0003\000.\0003\000\040\000e\000n\000t\000e\000r\000A\000T\000M\000o\000d\000e\000\050\000\051}{subsection.3.4.3}% 59
\BOOKMARK [3][-]{subsubsection.3.4.3.4}{\376\377\0003\000.\0004\000.\0003\000.\0004\000\040\000e\000x\000i\000t\000A\000T\000M\000o\000d\000e\000\050\000\051}{subsection.3.4.3}% 60
\BOOKMARK [3][-]{subsubsection.3.4.3.5}{\376\377\0003\000.\0004\000.\0003\000.\0005\000\040\000o\000p\000e\000n\000S\000e\000r\000i\000a\000l\000C\000o\000n\000n\000e\000c\000t\000i\000o\000n\000\050\000\051}{subsection.3.4.3}% 61
\BOOKMARK [3][-]{subsubsection.3.4.3.6}{\376\377\0003\000.\0004\000.\0003\000.\0006\000\040\000r\000e\000a\000d\000A\000T\000R\000e\000s\000p\000o\000n\000s\000e\000\050\000\051}{subsection.3.4.3}% 62
\BOOKMARK [3][-]{subsubsection.3.4.3.7}{\376\377\0003\000.\0004\000.\0003\000.\0007\000\040\000s\000e\000n\000d\000A\000T\000C\000o\000m\000m\000a\000n\000d\000\050\000\051}{subsection.3.4.3}% 63
\BOOKMARK [3][-]{subsubsection.3.4.3.8}{\376\377\0003\000.\0004\000.\0003\000.\0008\000\040\000s\000e\000n\000d\000T\000r\000a\000m\000e\000\050\000\051}{subsection.3.4.3}% 64
\BOOKMARK [3][-]{subsubsection.3.4.3.9}{\376\377\0003\000.\0004\000.\0003\000.\0009\000\040\000w\000r\000i\000t\000e\000A\000T\000C\000o\000n\000f\000i\000g\000\050\000\051}{subsection.3.4.3}% 65
\BOOKMARK [0][-]{chapter.4}{\376\377\0004\000\040\000F\000i\000l\000e\000\040\000D\000o\000c\000u\000m\000e\000n\000t\000a\000t\000i\000o\000n}{}% 66
\BOOKMARK [1][-]{section.4.1}{\376\377\0004\000.\0001\000\040\000d\000e\000f\000i\000n\000e\000.\000h\000\040\000F\000i\000l\000e\000\040\000R\000e\000f\000e\000r\000e\000n\000c\000e}{chapter.4}% 67
\BOOKMARK [2][-]{subsection.4.1.1}{\376\377\0004\000.\0001\000.\0001\000\040\000M\000a\000c\000r\000o\000\040\000D\000e\000f\000i\000n\000i\000t\000i\000o\000n\000\040\000D\000o\000c\000u\000m\000e\000n\000t\000a\000t\000i\000o\000n}{section.4.1}% 68
\BOOKMARK [3][-]{subsubsection.4.1.1.1}{\376\377\0004\000.\0001\000.\0001\000.\0001\000\040\000A\000T\000\137\000E\000M\000P\000T\000Y\000\137\000V\000A\000L\000U\000E}{subsection.4.1.1}% 69
\BOOKMARK [3][-]{subsubsection.4.1.1.2}{\376\377\0004\000.\0001\000.\0001\000.\0002\000\040\000A\000T\000\137\000E\000N\000D\000\137\000L\000I\000N\000E}{subsection.4.1.1}% 70
\BOOKMARK [3][-]{subsubsection.4.1.1.3}{\376\377\0004\000.\0001\000.\0001\000.\0003\000\040\000A\000T\000\137\000E\000N\000T\000E\000R}{subsection.4.1.1}% 71
\BOOKMARK [3][-]{subsubsection.4.1.1.4}{\376\377\0004\000.\0001\000.\0001\000.\0004\000\040\000A\000T\000\137\000E\000R\000R\000O\000R\000\137\0001\0006\000B\000I\000T\000\137\000S\000O\000U\000R\000C\000E\000\137\000A\000D\000D\000R}{subsection.4.1.1}% 72
\BOOKMARK [3][-]{subsubsection.4.1.1.5}{\376\377\0004\000.\0001\000.\0001\000.\0005\000\040\000A\000T\000\137\000E\000R\000R\000O\000R\000\137\000A\000E\000S}{subsection.4.1.1}% 73
\BOOKMARK [3][-]{subsubsection.4.1.1.6}{\376\377\0004\000.\0001\000.\0001\000.\0006\000\040\000A\000T\000\137\000E\000R\000R\000O\000R\000\137\000A\000E\000S\000\137\000K\000E\000Y}{subsection.4.1.1}% 74
\BOOKMARK [3][-]{subsubsection.4.1.1.7}{\376\377\0004\000.\0001\000.\0001\000.\0007\000\040\000A\000T\000\137\000E\000R\000R\000O\000R\000\137\000A\000P\000I}{subsection.4.1.1}% 75
\BOOKMARK [3][-]{subsubsection.4.1.1.8}{\376\377\0004\000.\0001\000.\0001\000.\0008\000\040\000A\000T\000\137\000E\000R\000R\000O\000R\000\137\000B\000A\000U\000D\000R\000A\000T\000E}{subsection.4.1.1}% 76
\BOOKMARK [3][-]{subsubsection.4.1.1.9}{\376\377\0004\000.\0001\000.\0001\000.\0009\000\040\000A\000T\000\137\000E\000R\000R\000O\000R\000\137\000C\000H\000A\000N\000E\000L}{subsection.4.1.1}% 77
\BOOKMARK [3][-]{subsubsection.4.1.1.10}{\376\377\0004\000.\0001\000.\0001\000.\0001\0000\000\040\000A\000T\000\137\000E\000R\000R\000O\000R\000\137\000C\000O\000O\000R\000D\000I\000N\000A\000T\000O\000R}{subsection.4.1.1}% 78
\BOOKMARK [3][-]{subsubsection.4.1.1.11}{\376\377\0004\000.\0001\000.\0001\000.\0001\0001\000\040\000A\000T\000\137\000E\000R\000R\000O\000R\000\137\000E\000N\000T\000E\000R}{subsection.4.1.1}% 79
\BOOKMARK [3][-]{subsubsection.4.1.1.12}{\376\377\0004\000.\0001\000.\0001\000.\0001\0002\000\040\000A\000T\000\137\000E\000R\000R\000O\000R\000\137\000E\000X\000I\000T}{subsection.4.1.1}% 80
\BOOKMARK [3][-]{subsubsection.4.1.1.13}{\376\377\0004\000.\0001\000.\0001\000.\0001\0003\000\040\000A\000T\000\137\000E\000R\000R\000O\000R\000\137\000L\000O\000W\000\137\000D\000E\000S\000T\000\137\000A\000D\000D\000R}{subsection.4.1.1}% 81
\BOOKMARK [3][-]{subsubsection.4.1.1.14}{\376\377\0004\000.\0001\000.\0001\000.\0001\0004\000\040\000A\000T\000\137\000E\000R\000R\000O\000R\000\137\000P\000A\000N\000\137\000I\000D}{subsection.4.1.1}% 82
\BOOKMARK [3][-]{subsubsection.4.1.1.15}{\376\377\0004\000.\0001\000.\0001\000.\0001\0005\000\040\000A\000T\000\137\000E\000R\000R\000O\000R\000\137\000P\000A\000R\000I\000T\000Y}{subsection.4.1.1}% 83
\BOOKMARK [3][-]{subsubsection.4.1.1.16}{\376\377\0004\000.\0001\000.\0001\000.\0001\0006\000\040\000A\000T\000\137\000E\000R\000R\000O\000R\000\137\000S\000U\000C\000C\000E\000S\000S}{subsection.4.1.1}% 84
\BOOKMARK [3][-]{subsubsection.4.1.1.17}{\376\377\0004\000.\0001\000.\0001\000.\0001\0007\000\040\000A\000T\000\137\000E\000R\000R\000O\000R\000\137\000V\000A\000L\000U\000E}{subsection.4.1.1}% 85
\BOOKMARK [3][-]{subsubsection.4.1.1.18}{\376\377\0004\000.\0001\000.\0001\000.\0001\0008\000\040\000A\000T\000\137\000E\000R\000R\000O\000R\000\137\000W\000R\000I\000T\000E\000\137\000C\000O\000N\000F\000I\000G}{subsection.4.1.1}% 86
\BOOKMARK [3][-]{subsubsection.4.1.1.19}{\376\377\0004\000.\0001\000.\0001\000.\0001\0009\000\040\000A\000T\000\137\000E\000X\000I\000T}{subsection.4.1.1}% 87
\BOOKMARK [3][-]{subsubsection.4.1.1.20}{\376\377\0004\000.\0001\000.\0001\000.\0002\0000\000\040\000A\000T\000\137\000G\000E\000T\000\137\0001\0006\000B\000I\000T\000\137\000S\000O\000U\000R\000C\000E\000\137\000A\000D\000D\000R}{subsection.4.1.1}% 88
\BOOKMARK [3][-]{subsubsection.4.1.1.21}{\376\377\0004\000.\0001\000.\0001\000.\0002\0001\000\040\000A\000T\000\137\000G\000E\000T\000\137\000A\000E\000S}{subsection.4.1.1}% 89
\BOOKMARK [3][-]{subsubsection.4.1.1.22}{\376\377\0004\000.\0001\000.\0001\000.\0002\0002\000\040\000A\000T\000\137\000G\000E\000T\000\137\000A\000E\000S\000\137\000K\000E\000Y}{subsection.4.1.1}% 90
\BOOKMARK [3][-]{subsubsection.4.1.1.23}{\376\377\0004\000.\0001\000.\0001\000.\0002\0003\000\040\000A\000T\000\137\000G\000E\000T\000\137\000A\000P\000I}{subsection.4.1.1}% 91
\BOOKMARK [3][-]{subsubsection.4.1.1.24}{\376\377\0004\000.\0001\000.\0001\000.\0002\0004\000\040\000A\000T\000\137\000G\000E\000T\000\137\000B\000A\000U\000D\000R\000A\000T\000E}{subsection.4.1.1}% 92
\BOOKMARK [3][-]{subsubsection.4.1.1.25}{\376\377\0004\000.\0001\000.\0001\000.\0002\0005\000\040\000A\000T\000\137\000G\000E\000T\000\137\000C\000H\000A\000N\000E\000L}{subsection.4.1.1}% 93
\BOOKMARK [3][-]{subsubsection.4.1.1.26}{\376\377\0004\000.\0001\000.\0001\000.\0002\0006\000\040\000A\000T\000\137\000G\000E\000T\000\137\000C\000O\000O\000R\000D\000I\000N\000A\000T\000O\000R}{subsection.4.1.1}% 94
\BOOKMARK [3][-]{subsubsection.4.1.1.27}{\376\377\0004\000.\0001\000.\0001\000.\0002\0007\000\040\000A\000T\000\137\000G\000E\000T\000\137\000L\000O\000W\000\137\000D\000E\000S\000T\000\137\000A\000D\000D\000R}{subsection.4.1.1}% 95
\BOOKMARK [3][-]{subsubsection.4.1.1.28}{\376\377\0004\000.\0001\000.\0001\000.\0002\0008\000\040\000A\000T\000\137\000G\000E\000T\000\137\000P\000A\000N\000\137\000I\000D}{subsection.4.1.1}% 96
\BOOKMARK [3][-]{subsubsection.4.1.1.29}{\376\377\0004\000.\0001\000.\0001\000.\0002\0009\000\040\000A\000T\000\137\000G\000E\000T\000\137\000P\000A\000R\000I\000T\000Y}{subsection.4.1.1}% 97
\BOOKMARK [3][-]{subsubsection.4.1.1.30}{\376\377\0004\000.\0001\000.\0001\000.\0003\0000\000\040\000A\000T\000\137\000M\000O\000D\000E\000\137\000G\000E\000T}{subsection.4.1.1}% 98
\BOOKMARK [3][-]{subsubsection.4.1.1.31}{\376\377\0004\000.\0001\000.\0001\000.\0003\0001\000\040\000A\000T\000\137\000M\000O\000D\000E\000\137\000S\000E\000T}{subsection.4.1.1}% 99
\BOOKMARK [3][-]{subsubsection.4.1.1.32}{\376\377\0004\000.\0001\000.\0001\000.\0003\0002\000\040\000A\000T\000\137\000S\000U\000C\000C\000E\000S\000S\000\137\000V\000A\000L\000U\000E}{subsection.4.1.1}% 100
\BOOKMARK [3][-]{subsubsection.4.1.1.33}{\376\377\0004\000.\0001\000.\0001\000.\0003\0003\000\040\000A\000T\000\137\000V\000A\000L\000U\000E\000\137\0001\0006\000B\000I\000T\000\137\000S\000O\000U\000R\000C\000E\000\137\000A\000D\000D\000R}{subsection.4.1.1}% 101
\BOOKMARK [3][-]{subsubsection.4.1.1.34}{\376\377\0004\000.\0001\000.\0001\000.\0003\0004\000\040\000A\000T\000\137\000V\000A\000L\000U\000E\000\137\000A\000E\000S}{subsection.4.1.1}% 102
\BOOKMARK [3][-]{subsubsection.4.1.1.35}{\376\377\0004\000.\0001\000.\0001\000.\0003\0005\000\040\000A\000T\000\137\000V\000A\000L\000U\000E\000\137\000A\000E\000S\000\137\000K\000E\000Y}{subsection.4.1.1}% 103
\BOOKMARK [3][-]{subsubsection.4.1.1.36}{\376\377\0004\000.\0001\000.\0001\000.\0003\0006\000\040\000A\000T\000\137\000V\000A\000L\000U\000E\000\137\000A\000P\000I}{subsection.4.1.1}% 104
\BOOKMARK [3][-]{subsubsection.4.1.1.37}{\376\377\0004\000.\0001\000.\0001\000.\0003\0007\000\040\000A\000T\000\137\000V\000A\000L\000U\000E\000\137\000B\000A\000U\000D\000R\000A\000T\000E}{subsection.4.1.1}% 105
\BOOKMARK [3][-]{subsubsection.4.1.1.38}{\376\377\0004\000.\0001\000.\0001\000.\0003\0008\000\040\000A\000T\000\137\000V\000A\000L\000U\000E\000\137\000C\000H\000A\000N\000E\000L}{subsection.4.1.1}% 106
\BOOKMARK [3][-]{subsubsection.4.1.1.39}{\376\377\0004\000.\0001\000.\0001\000.\0003\0009\000\040\000A\000T\000\137\000V\000A\000L\000U\000E\000\137\000C\000O\000O\000R\000D\000I\000N\000A\000T\000O\000R}{subsection.4.1.1}% 107
\BOOKMARK [3][-]{subsubsection.4.1.1.40}{\376\377\0004\000.\0001\000.\0001\000.\0004\0000\000\040\000A\000T\000\137\000V\000A\000L\000U\000E\000\137\000L\000O\000W\000\137\000D\000E\000S\000T\000\137\000A\000D\000D\000R}{subsection.4.1.1}% 108
\BOOKMARK [3][-]{subsubsection.4.1.1.41}{\376\377\0004\000.\0001\000.\0001\000.\0004\0001\000\040\000A\000T\000\137\000V\000A\000L\000U\000E\000\137\000P\000A\000N\000\137\000I\000D}{subsection.4.1.1}% 109
\BOOKMARK [3][-]{subsubsection.4.1.1.42}{\376\377\0004\000.\0001\000.\0001\000.\0004\0002\000\040\000A\000T\000\137\000V\000A\000L\000U\000E\000\137\000P\000A\000R\000I\000T\000Y}{subsection.4.1.1}% 110
\BOOKMARK [3][-]{subsubsection.4.1.1.43}{\376\377\0004\000.\0001\000.\0001\000.\0004\0003\000\040\000A\000T\000\137\000W\000R\000I\000T\000E\000\137\000C\000O\000N\000F\000I\000G}{subsection.4.1.1}% 111
\BOOKMARK [3][-]{subsubsection.4.1.1.44}{\376\377\0004\000.\0001\000.\0001\000.\0004\0004\000\040\000B\000A\000U\000D\000R\000A\000T\000E}{subsection.4.1.1}% 112
\BOOKMARK [3][-]{subsubsection.4.1.1.45}{\376\377\0004\000.\0001\000.\0001\000.\0004\0005\000\040\000B\000R\000O\000A\000D\000C\000A\000S\000T}{subsection.4.1.1}% 113
\BOOKMARK [3][-]{subsubsection.4.1.1.46}{\376\377\0004\000.\0001\000.\0001\000.\0004\0006\000\040\000C\000U\000R\000R\000E\000N\000T\000\137\000R\000O\000B\000O\000T}{subsection.4.1.1}% 114
\BOOKMARK [3][-]{subsubsection.4.1.1.47}{\376\377\0004\000.\0001\000.\0001\000.\0004\0007\000\040\000D\000A\000T\000A\000B\000I\000T\000S}{subsection.4.1.1}% 115
\BOOKMARK [3][-]{subsubsection.4.1.1.48}{\376\377\0004\000.\0001\000.\0001\000.\0004\0008\000\040\000E\000N\000D\000\137\000S\000E\000Q}{subsection.4.1.1}% 116
\BOOKMARK [3][-]{subsubsection.4.1.1.49}{\376\377\0004\000.\0001\000.\0001\000.\0004\0009\000\040\000E\000R\000R\000O\000R\000\137\000S\000U\000C\000C\000E\000S\000S}{subsection.4.1.1}% 117
\BOOKMARK [3][-]{subsubsection.4.1.1.50}{\376\377\0004\000.\0001\000.\0001\000.\0005\0000\000\040\000P\000A\000R\000I\000T\000Y}{subsection.4.1.1}% 118
\BOOKMARK [3][-]{subsubsection.4.1.1.51}{\376\377\0004\000.\0001\000.\0001\000.\0005\0001\000\040\000R\000O\000B\000O\000T\000\137\0000\0001}{subsection.4.1.1}% 119
\BOOKMARK [3][-]{subsubsection.4.1.1.52}{\376\377\0004\000.\0001\000.\0001\000.\0005\0002\000\040\000R\000O\000B\000O\000T\000\137\0000\0002}{subsection.4.1.1}% 120
\BOOKMARK [3][-]{subsubsection.4.1.1.53}{\376\377\0004\000.\0001\000.\0001\000.\0005\0003\000\040\000S\000E\000R\000I\000A\000L\000\137\000P\000O\000R\000T}{subsection.4.1.1}% 121
\BOOKMARK [3][-]{subsubsection.4.1.1.54}{\376\377\0004\000.\0001\000.\0001\000.\0005\0004\000\040\000S\000T\000A\000R\000T\000\137\000S\000E\000Q}{subsection.4.1.1}% 122
\BOOKMARK [3][-]{subsubsection.4.1.1.55}{\376\377\0004\000.\0001\000.\0001\000.\0005\0005\000\040\000S\000T\000O\000P\000B\000I\000T\000S}{subsection.4.1.1}% 123
\BOOKMARK [3][-]{subsubsection.4.1.1.56}{\376\377\0004\000.\0001\000.\0001\000.\0005\0006\000\040\000T\000E\000S\000T\000\137\000A\000L\000I\000V\000E}{subsection.4.1.1}% 124
\BOOKMARK [1][-]{section.4.2}{\376\377\0004\000.\0002\000\040\000d\000e\000f\000i\000n\000e\000.\000h}{chapter.4}% 125
\BOOKMARK [1][-]{section.4.3}{\376\377\0004\000.\0003\000\040\000m\000a\000i\000n\000.\000c\000p\000p\000\040\000F\000i\000l\000e\000\040\000R\000e\000f\000e\000r\000e\000n\000c\000e}{chapter.4}% 126
\BOOKMARK [2][-]{subsection.4.3.1}{\376\377\0004\000.\0003\000.\0001\000\040\000F\000u\000n\000c\000t\000i\000o\000n\000\040\000D\000o\000c\000u\000m\000e\000n\000t\000a\000t\000i\000o\000n}{section.4.3}% 127
\BOOKMARK [3][-]{subsubsection.4.3.1.1}{\376\377\0004\000.\0003\000.\0001\000.\0001\000\040\000m\000a\000i\000n\000\050\000\051}{subsection.4.3.1}% 128
\BOOKMARK [1][-]{section.4.4}{\376\377\0004\000.\0004\000\040\000m\000a\000i\000n\000.\000c\000p\000p}{chapter.4}% 129
\BOOKMARK [1][-]{section.4.5}{\376\377\0004\000.\0005\000\040\000s\000e\000r\000i\000a\000l\000i\000b\000.\000c\000p\000p\000\040\000F\000i\000l\000e\000\040\000R\000e\000f\000e\000r\000e\000n\000c\000e}{chapter.4}% 130
\BOOKMARK [2][-]{subsection.4.5.1}{\376\377\0004\000.\0005\000.\0001\000\040\000D\000e\000t\000a\000i\000l\000e\000d\000\040\000D\000e\000s\000c\000r\000i\000p\000t\000i\000o\000n}{section.4.5}% 131
\BOOKMARK [1][-]{section.4.6}{\376\377\0004\000.\0006\000\040\000s\000e\000r\000i\000a\000l\000i\000b\000.\000c\000p\000p}{chapter.4}% 132
\BOOKMARK [1][-]{section.4.7}{\376\377\0004\000.\0007\000\040\000s\000e\000r\000i\000a\000l\000i\000b\000.\000h\000\040\000F\000i\000l\000e\000\040\000R\000e\000f\000e\000r\000e\000n\000c\000e}{chapter.4}% 133
\BOOKMARK [2][-]{subsection.4.7.1}{\376\377\0004\000.\0007\000.\0001\000\040\000D\000e\000t\000a\000i\000l\000e\000d\000\040\000D\000e\000s\000c\000r\000i\000p\000t\000i\000o\000n}{section.4.7}% 134
\BOOKMARK [2][-]{subsection.4.7.2}{\376\377\0004\000.\0007\000.\0002\000\040\000M\000a\000c\000r\000o\000\040\000D\000e\000f\000i\000n\000i\000t\000i\000o\000n\000\040\000D\000o\000c\000u\000m\000e\000n\000t\000a\000t\000i\000o\000n}{section.4.7}% 135
\BOOKMARK [3][-]{subsubsection.4.7.2.1}{\376\377\0004\000.\0007\000.\0002\000.\0001\000\040\000U\000N\000U\000S\000E\000D}{subsection.4.7.2}% 136
\BOOKMARK [2][-]{subsection.4.7.3}{\376\377\0004\000.\0007\000.\0003\000\040\000E\000n\000u\000m\000e\000r\000a\000t\000i\000o\000n\000\040\000T\000y\000p\000e\000\040\000D\000o\000c\000u\000m\000e\000n\000t\000a\000t\000i\000o\000n}{section.4.7}% 137
\BOOKMARK [3][-]{subsubsection.4.7.3.1}{\376\377\0004\000.\0007\000.\0003\000.\0001\000\040\000S\000e\000r\000i\000a\000l\000D\000a\000t\000a\000B\000i\000t\000s}{subsection.4.7.3}% 138
\BOOKMARK [3][-]{subsubsection.4.7.3.2}{\376\377\0004\000.\0007\000.\0003\000.\0002\000\040\000S\000e\000r\000i\000a\000l\000P\000a\000r\000i\000t\000y}{subsection.4.7.3}% 139
\BOOKMARK [3][-]{subsubsection.4.7.3.3}{\376\377\0004\000.\0007\000.\0003\000.\0003\000\040\000S\000e\000r\000i\000a\000l\000S\000t\000o\000p\000B\000i\000t\000s}{subsection.4.7.3}% 140
\BOOKMARK [1][-]{section.4.8}{\376\377\0004\000.\0008\000\040\000s\000e\000r\000i\000a\000l\000i\000b\000.\000h}{chapter.4}% 141
\BOOKMARK [1][-]{section.4.9}{\376\377\0004\000.\0009\000\040\000x\000b\000e\000e\000.\000c\000p\000p\000\040\000F\000i\000l\000e\000\040\000R\000e\000f\000e\000r\000e\000n\000c\000e}{chapter.4}% 142
\BOOKMARK [2][-]{subsection.4.9.1}{\376\377\0004\000.\0009\000.\0001\000\040\000D\000e\000t\000a\000i\000l\000e\000d\000\040\000D\000e\000s\000c\000r\000i\000p\000t\000i\000o\000n}{section.4.9}% 143
\BOOKMARK [2][-]{subsection.4.9.2}{\376\377\0004\000.\0009\000.\0002\000\040\000V\000a\000r\000i\000a\000b\000l\000e\000\040\000D\000o\000c\000u\000m\000e\000n\000t\000a\000t\000i\000o\000n}{section.4.9}% 144
\BOOKMARK [3][-]{subsubsection.4.9.2.1}{\376\377\0004\000.\0009\000.\0002\000.\0001\000\040\000s\000e\000r\000i\000a\000l}{subsection.4.9.2}% 145
\BOOKMARK [1][-]{section.4.10}{\376\377\0004\000.\0001\0000\000\040\000x\000b\000e\000e\000.\000c\000p\000p}{chapter.4}% 146
\BOOKMARK [1][-]{section.4.11}{\376\377\0004\000.\0001\0001\000\040\000x\000b\000e\000e\000.\000h\000\040\000F\000i\000l\000e\000\040\000R\000e\000f\000e\000r\000e\000n\000c\000e}{chapter.4}% 147
\BOOKMARK [2][-]{subsection.4.11.1}{\376\377\0004\000.\0001\0001\000.\0001\000\040\000D\000e\000t\000a\000i\000l\000e\000d\000\040\000D\000e\000s\000c\000r\000i\000p\000t\000i\000o\000n}{section.4.11}% 148
\BOOKMARK [1][-]{section.4.12}{\376\377\0004\000.\0001\0002\000\040\000x\000b\000e\000e\000.\000h}{chapter.4}% 149
\BOOKMARK [0][-]{section*.13}{\376\377\000I\000n\000d\000e\000x}{}% 150
