\BOOKMARK [0][-]{chapter.1}{\376\377\0001\000\040\000I\000n\000d\000e\000x\000\040\000h\000i\000\351\000r\000a\000r\000c\000h\000i\000q\000u\000e}{}% 1
\BOOKMARK [1][-]{section.1.1}{\376\377\0001\000.\0001\000\040\000H\000i\000\351\000r\000a\000r\000c\000h\000i\000e\000\040\000d\000e\000s\000\040\000c\000l\000a\000s\000s\000e\000s}{chapter.1}% 2
\BOOKMARK [0][-]{chapter.2}{\376\377\0002\000\040\000I\000n\000d\000e\000x\000\040\000d\000e\000s\000\040\000c\000l\000a\000s\000s\000e\000s}{}% 3
\BOOKMARK [1][-]{section.2.1}{\376\377\0002\000.\0001\000\040\000L\000i\000s\000t\000e\000\040\000d\000e\000s\000\040\000c\000l\000a\000s\000s\000e\000s}{chapter.2}% 4
\BOOKMARK [0][-]{chapter.3}{\376\377\0003\000\040\000I\000n\000d\000e\000x\000\040\000d\000e\000s\000\040\000f\000i\000c\000h\000i\000e\000r\000s}{}% 5
\BOOKMARK [1][-]{section.3.1}{\376\377\0003\000.\0001\000\040\000L\000i\000s\000t\000e\000\040\000d\000e\000s\000\040\000f\000i\000c\000h\000i\000e\000r\000s}{chapter.3}% 6
\BOOKMARK [0][-]{chapter.4}{\376\377\0004\000\040\000D\000o\000c\000u\000m\000e\000n\000t\000a\000t\000i\000o\000n\000\040\000d\000e\000s\000\040\000c\000l\000a\000s\000s\000e\000s}{}% 7
\BOOKMARK [1][-]{section.4.1}{\376\377\0004\000.\0001\000\040\000R\000\351\000f\000\351\000r\000e\000n\000c\000e\000\040\000d\000e\000\040\000l\000a\000\040\000c\000l\000a\000s\000s\000e\000\040\000E\000c\000r\000a\000n}{chapter.4}% 8
\BOOKMARK [2][-]{subsection.4.1.1}{\376\377\0004\000.\0001\000.\0001\000\040\000D\000e\000s\000c\000r\000i\000p\000t\000i\000o\000n\000\040\000d\000\351\000t\000a\000i\000l\000l\000\351\000e}{section.4.1}% 9
\BOOKMARK [2][-]{subsection.4.1.2}{\376\377\0004\000.\0001\000.\0002\000\040\000D\000o\000c\000u\000m\000e\000n\000t\000a\000t\000i\000o\000n\000\040\000d\000e\000s\000\040\000c\000o\000n\000s\000t\000r\000u\000c\000t\000e\000u\000r\000s\000\040\000e\000t\000\040\000d\000e\000s\000t\000r\000u\000c\000t\000e\000u\000r}{section.4.1}% 10
\BOOKMARK [3][-]{subsubsection.4.1.2.1}{\376\377\0004\000.\0001\000.\0002\000.\0001\000\040\000E\000c\000r\000a\000n\000\050\000\051}{subsection.4.1.2}% 11
\BOOKMARK [3][-]{subsubsection.4.1.2.2}{\376\377\0004\000.\0001\000.\0002\000.\0002\000\040\000\040\000E\000c\000r\000a\000n\000\050\000\051}{subsection.4.1.2}% 12
\BOOKMARK [2][-]{subsection.4.1.3}{\376\377\0004\000.\0001\000.\0003\000\040\000D\000o\000c\000u\000m\000e\000n\000t\000a\000t\000i\000o\000n\000\040\000d\000e\000s\000\040\000f\000o\000n\000c\000t\000i\000o\000n\000s\000\040\000m\000e\000m\000b\000r\000e\000s}{section.4.1}% 13
\BOOKMARK [3][-]{subsubsection.4.1.3.1}{\376\377\0004\000.\0001\000.\0003\000.\0001\000\040\000c\000l\000o\000s\000e\000S\000e\000r\000i\000a\000l\000C\000o\000n\000n\000e\000c\000t\000i\000o\000n\000\050\000\051}{subsection.4.1.3}% 14
\BOOKMARK [3][-]{subsubsection.4.1.3.2}{\376\377\0004\000.\0001\000.\0003\000.\0002\000\040\000d\000e\000l\000a\000y\000\050\000\051}{subsection.4.1.3}% 15
\BOOKMARK [3][-]{subsubsection.4.1.3.3}{\376\377\0004\000.\0001\000.\0003\000.\0003\000\040\000o\000p\000e\000n\000S\000e\000r\000i\000a\000l\000C\000o\000n\000n\000e\000c\000t\000i\000o\000n\000\050\000\051}{subsection.4.1.3}% 16
\BOOKMARK [3][-]{subsubsection.4.1.3.4}{\376\377\0004\000.\0001\000.\0003\000.\0004\000\040\000s\000e\000n\000d\000T\000r\000a\000m\000e\000\050\000\051}{subsection.4.1.3}% 17
\BOOKMARK [1][-]{section.4.2}{\376\377\0004\000.\0002\000\040\000R\000\351\000f\000\351\000r\000e\000n\000c\000e\000\040\000d\000e\000\040\000l\000a\000\040\000c\000l\000a\000s\000s\000e\000\040\000L\000o\000g}{chapter.4}% 18
\BOOKMARK [2][-]{subsection.4.2.1}{\376\377\0004\000.\0002\000.\0001\000\040\000D\000e\000s\000c\000r\000i\000p\000t\000i\000o\000n\000\040\000d\000\351\000t\000a\000i\000l\000l\000\351\000e}{section.4.2}% 19
\BOOKMARK [2][-]{subsection.4.2.2}{\376\377\0004\000.\0002\000.\0002\000\040\000D\000o\000c\000u\000m\000e\000n\000t\000a\000t\000i\000o\000n\000\040\000d\000e\000s\000\040\000c\000o\000n\000s\000t\000r\000u\000c\000t\000e\000u\000r\000s\000\040\000e\000t\000\040\000d\000e\000s\000t\000r\000u\000c\000t\000e\000u\000r}{section.4.2}% 20
\BOOKMARK [3][-]{subsubsection.4.2.2.1}{\376\377\0004\000.\0002\000.\0002\000.\0001\000\040\000L\000o\000g\000\050\000\051}{subsection.4.2.2}% 21
\BOOKMARK [2][-]{subsection.4.2.3}{\376\377\0004\000.\0002\000.\0003\000\040\000D\000o\000c\000u\000m\000e\000n\000t\000a\000t\000i\000o\000n\000\040\000d\000e\000s\000\040\000f\000o\000n\000c\000t\000i\000o\000n\000s\000\040\000m\000e\000m\000b\000r\000e\000s}{section.4.2}% 22
\BOOKMARK [3][-]{subsubsection.4.2.3.1}{\376\377\0004\000.\0002\000.\0003\000.\0001\000\040\000s\000a\000v\000e\000\050\000\051}{subsection.4.2.3}% 23
\BOOKMARK [2][-]{subsection.4.2.4}{\376\377\0004\000.\0002\000.\0004\000\040\000D\000o\000c\000u\000m\000e\000n\000t\000a\000t\000i\000o\000n\000\040\000d\000e\000s\000\040\000f\000o\000n\000c\000t\000i\000o\000n\000s\000\040\000a\000m\000i\000e\000s\000\040\000e\000t\000\040\000a\000s\000s\000o\000c\000i\000\351\000e\000s}{section.4.2}% 24
\BOOKMARK [3][-]{subsubsection.4.2.4.1}{\376\377\0004\000.\0002\000.\0004\000.\0001\000\040\000o\000p\000e\000r\000a\000t\000o\000r\000<\000<\000\040\000[\0001\000/\0002\000]}{subsection.4.2.4}% 25
\BOOKMARK [3][-]{subsubsection.4.2.4.2}{\376\377\0004\000.\0002\000.\0004\000.\0002\000\040\000o\000p\000e\000r\000a\000t\000o\000r\000<\000<\000\040\000[\0002\000/\0002\000]}{subsection.4.2.4}% 26
\BOOKMARK [2][-]{subsection.4.2.5}{\376\377\0004\000.\0002\000.\0005\000\040\000D\000o\000c\000u\000m\000e\000n\000t\000a\000t\000i\000o\000n\000\040\000d\000e\000s\000\040\000d\000o\000n\000n\000\351\000e\000s\000\040\000m\000e\000m\000b\000r\000e\000s}{section.4.2}% 27
\BOOKMARK [3][-]{subsubsection.4.2.5.1}{\376\377\0004\000.\0002\000.\0005\000.\0001\000\040\000n\000a\000m\000e}{subsection.4.2.5}% 28
\BOOKMARK [3][-]{subsubsection.4.2.5.2}{\376\377\0004\000.\0002\000.\0005\000.\0002\000\040\000s\000s}{subsection.4.2.5}% 29
\BOOKMARK [1][-]{section.4.3}{\376\377\0004\000.\0003\000\040\000R\000\351\000f\000\351\000r\000e\000n\000c\000e\000\040\000d\000e\000\040\000l\000a\000\040\000s\000t\000r\000u\000c\000t\000u\000r\000e\000\040\000M\000e\000n\000d\000l}{chapter.4}% 30
\BOOKMARK [2][-]{subsection.4.3.1}{\376\377\0004\000.\0003\000.\0001\000\040\000D\000e\000s\000c\000r\000i\000p\000t\000i\000o\000n\000\040\000d\000\351\000t\000a\000i\000l\000l\000\351\000e}{section.4.3}% 31
\BOOKMARK [1][-]{section.4.4}{\376\377\0004\000.\0004\000\040\000R\000\351\000f\000\351\000r\000e\000n\000c\000e\000\040\000d\000e\000\040\000l\000a\000\040\000c\000l\000a\000s\000s\000e\000\040\000s\000e\000r\000i\000a\000l\000i\000b}{chapter.4}% 32
\BOOKMARK [2][-]{subsection.4.4.1}{\376\377\0004\000.\0004\000.\0001\000\040\000D\000e\000s\000c\000r\000i\000p\000t\000i\000o\000n\000\040\000d\000\351\000t\000a\000i\000l\000l\000\351\000e}{section.4.4}% 33
\BOOKMARK [2][-]{subsection.4.4.2}{\376\377\0004\000.\0004\000.\0002\000\040\000D\000o\000c\000u\000m\000e\000n\000t\000a\000t\000i\000o\000n\000\040\000d\000e\000s\000\040\000c\000o\000n\000s\000t\000r\000u\000c\000t\000e\000u\000r\000s\000\040\000e\000t\000\040\000d\000e\000s\000t\000r\000u\000c\000t\000e\000u\000r}{section.4.4}% 34
\BOOKMARK [3][-]{subsubsection.4.4.2.1}{\376\377\0004\000.\0004\000.\0002\000.\0001\000\040\000s\000e\000r\000i\000a\000l\000i\000b\000\050\000\051}{subsection.4.4.2}% 35
\BOOKMARK [3][-]{subsubsection.4.4.2.2}{\376\377\0004\000.\0004\000.\0002\000.\0002\000\040\000\040\000s\000e\000r\000i\000a\000l\000i\000b\000\050\000\051}{subsection.4.4.2}% 36
\BOOKMARK [2][-]{subsection.4.4.3}{\376\377\0004\000.\0004\000.\0003\000\040\000D\000o\000c\000u\000m\000e\000n\000t\000a\000t\000i\000o\000n\000\040\000d\000e\000s\000\040\000f\000o\000n\000c\000t\000i\000o\000n\000s\000\040\000m\000e\000m\000b\000r\000e\000s}{section.4.4}% 37
\BOOKMARK [3][-]{subsubsection.4.4.3.1}{\376\377\0004\000.\0004\000.\0003\000.\0001\000\040\000a\000v\000a\000i\000l\000a\000b\000l\000e\000\050\000\051}{subsection.4.4.3}% 38
\BOOKMARK [3][-]{subsubsection.4.4.3.2}{\376\377\0004\000.\0004\000.\0003\000.\0002\000\040\000c\000l\000e\000a\000r\000D\000T\000R\000\050\000\051}{subsection.4.4.3}% 39
\BOOKMARK [3][-]{subsubsection.4.4.3.3}{\376\377\0004\000.\0004\000.\0003\000.\0003\000\040\000c\000l\000e\000a\000r\000R\000T\000S\000\050\000\051}{subsection.4.4.3}% 40
\BOOKMARK [3][-]{subsubsection.4.4.3.4}{\376\377\0004\000.\0004\000.\0003\000.\0004\000\040\000c\000l\000o\000s\000e\000D\000e\000v\000i\000c\000e\000\050\000\051}{subsection.4.4.3}% 41
\BOOKMARK [3][-]{subsubsection.4.4.3.5}{\376\377\0004\000.\0004\000.\0003\000.\0005\000\040\000D\000T\000R\000\050\000\051}{subsection.4.4.3}% 42
\BOOKMARK [3][-]{subsubsection.4.4.3.6}{\376\377\0004\000.\0004\000.\0003\000.\0006\000\040\000f\000l\000u\000s\000h\000R\000e\000c\000e\000i\000v\000e\000r\000\050\000\051}{subsection.4.4.3}% 43
\BOOKMARK [3][-]{subsubsection.4.4.3.7}{\376\377\0004\000.\0004\000.\0003\000.\0007\000\040\000i\000s\000C\000T\000S\000\050\000\051}{subsection.4.4.3}% 44
\BOOKMARK [3][-]{subsubsection.4.4.3.8}{\376\377\0004\000.\0004\000.\0003\000.\0008\000\040\000i\000s\000D\000C\000D\000\050\000\051}{subsection.4.4.3}% 45
\BOOKMARK [3][-]{subsubsection.4.4.3.9}{\376\377\0004\000.\0004\000.\0003\000.\0009\000\040\000i\000s\000D\000e\000v\000i\000c\000e\000O\000p\000e\000n\000\050\000\051}{subsection.4.4.3}% 46
\BOOKMARK [3][-]{subsubsection.4.4.3.10}{\376\377\0004\000.\0004\000.\0003\000.\0001\0000\000\040\000i\000s\000D\000S\000R\000\050\000\051}{subsection.4.4.3}% 47
\BOOKMARK [3][-]{subsubsection.4.4.3.11}{\376\377\0004\000.\0004\000.\0003\000.\0001\0001\000\040\000i\000s\000D\000T\000R\000\050\000\051}{subsection.4.4.3}% 48
\BOOKMARK [3][-]{subsubsection.4.4.3.12}{\376\377\0004\000.\0004\000.\0003\000.\0001\0002\000\040\000i\000s\000R\000I\000\050\000\051}{subsection.4.4.3}% 49
\BOOKMARK [3][-]{subsubsection.4.4.3.13}{\376\377\0004\000.\0004\000.\0003\000.\0001\0003\000\040\000i\000s\000R\000T\000S\000\050\000\051}{subsection.4.4.3}% 50
\BOOKMARK [3][-]{subsubsection.4.4.3.14}{\376\377\0004\000.\0004\000.\0003\000.\0001\0004\000\040\000o\000p\000e\000n\000D\000e\000v\000i\000c\000e\000\050\000\051}{subsection.4.4.3}% 51
\BOOKMARK [3][-]{subsubsection.4.4.3.15}{\376\377\0004\000.\0004\000.\0003\000.\0001\0005\000\040\000r\000e\000a\000d\000B\000y\000t\000e\000s\000\050\000\051}{subsection.4.4.3}% 52
\BOOKMARK [3][-]{subsubsection.4.4.3.16}{\376\377\0004\000.\0004\000.\0003\000.\0001\0006\000\040\000r\000e\000a\000d\000C\000h\000a\000r\000\050\000\051}{subsection.4.4.3}% 53
\BOOKMARK [3][-]{subsubsection.4.4.3.17}{\376\377\0004\000.\0004\000.\0003\000.\0001\0007\000\040\000r\000e\000a\000d\000S\000t\000r\000i\000n\000g\000\050\000\051}{subsection.4.4.3}% 54
\BOOKMARK [3][-]{subsubsection.4.4.3.18}{\376\377\0004\000.\0004\000.\0003\000.\0001\0008\000\040\000r\000e\000a\000d\000S\000t\000r\000i\000n\000g\000N\000o\000T\000i\000m\000e\000O\000u\000t\000\050\000\051}{subsection.4.4.3}% 55
\BOOKMARK [3][-]{subsubsection.4.4.3.19}{\376\377\0004\000.\0004\000.\0003\000.\0001\0009\000\040\000R\000T\000S\000\050\000\051}{subsection.4.4.3}% 56
\BOOKMARK [3][-]{subsubsection.4.4.3.20}{\376\377\0004\000.\0004\000.\0003\000.\0002\0000\000\040\000s\000e\000t\000D\000T\000R\000\050\000\051}{subsection.4.4.3}% 57
\BOOKMARK [3][-]{subsubsection.4.4.3.21}{\376\377\0004\000.\0004\000.\0003\000.\0002\0001\000\040\000s\000e\000t\000R\000T\000S\000\050\000\051}{subsection.4.4.3}% 58
\BOOKMARK [3][-]{subsubsection.4.4.3.22}{\376\377\0004\000.\0004\000.\0003\000.\0002\0002\000\040\000w\000r\000i\000t\000e\000B\000y\000t\000e\000s\000\050\000\051}{subsection.4.4.3}% 59
\BOOKMARK [3][-]{subsubsection.4.4.3.23}{\376\377\0004\000.\0004\000.\0003\000.\0002\0003\000\040\000w\000r\000i\000t\000e\000C\000h\000a\000r\000\050\000\051}{subsection.4.4.3}% 60
\BOOKMARK [3][-]{subsubsection.4.4.3.24}{\376\377\0004\000.\0004\000.\0003\000.\0002\0004\000\040\000w\000r\000i\000t\000e\000S\000t\000r\000i\000n\000g\000\050\000\051}{subsection.4.4.3}% 61
\BOOKMARK [2][-]{subsection.4.4.4}{\376\377\0004\000.\0004\000.\0004\000\040\000D\000o\000c\000u\000m\000e\000n\000t\000a\000t\000i\000o\000n\000\040\000d\000e\000s\000\040\000d\000o\000n\000n\000\351\000e\000s\000\040\000m\000e\000m\000b\000r\000e\000s}{section.4.4}% 62
\BOOKMARK [3][-]{subsubsection.4.4.4.1}{\376\377\0004\000.\0004\000.\0004\000.\0001\000\040\000c\000u\000r\000r\000e\000n\000t\000S\000t\000a\000t\000e\000D\000T\000R}{subsection.4.4.4}% 63
\BOOKMARK [3][-]{subsubsection.4.4.4.2}{\376\377\0004\000.\0004\000.\0004\000.\0002\000\040\000c\000u\000r\000r\000e\000n\000t\000S\000t\000a\000t\000e\000R\000T\000S}{subsection.4.4.4}% 64
\BOOKMARK [1][-]{section.4.5}{\376\377\0004\000.\0005\000\040\000R\000\351\000f\000\351\000r\000e\000n\000c\000e\000\040\000d\000e\000\040\000l\000a\000\040\000c\000l\000a\000s\000s\000e\000\040\000t\000i\000m\000e\000O\000u\000t}{chapter.4}% 65
\BOOKMARK [2][-]{subsection.4.5.1}{\376\377\0004\000.\0005\000.\0001\000\040\000D\000e\000s\000c\000r\000i\000p\000t\000i\000o\000n\000\040\000d\000\351\000t\000a\000i\000l\000l\000\351\000e}{section.4.5}% 66
\BOOKMARK [2][-]{subsection.4.5.2}{\376\377\0004\000.\0005\000.\0002\000\040\000D\000o\000c\000u\000m\000e\000n\000t\000a\000t\000i\000o\000n\000\040\000d\000e\000s\000\040\000c\000o\000n\000s\000t\000r\000u\000c\000t\000e\000u\000r\000s\000\040\000e\000t\000\040\000d\000e\000s\000t\000r\000u\000c\000t\000e\000u\000r}{section.4.5}% 67
\BOOKMARK [3][-]{subsubsection.4.5.2.1}{\376\377\0004\000.\0005\000.\0002\000.\0001\000\040\000t\000i\000m\000e\000O\000u\000t\000\050\000\051}{subsection.4.5.2}% 68
\BOOKMARK [2][-]{subsection.4.5.3}{\376\377\0004\000.\0005\000.\0003\000\040\000D\000o\000c\000u\000m\000e\000n\000t\000a\000t\000i\000o\000n\000\040\000d\000e\000s\000\040\000f\000o\000n\000c\000t\000i\000o\000n\000s\000\040\000m\000e\000m\000b\000r\000e\000s}{section.4.5}% 69
\BOOKMARK [3][-]{subsubsection.4.5.3.1}{\376\377\0004\000.\0005\000.\0003\000.\0001\000\040\000e\000l\000a\000p\000s\000e\000d\000T\000i\000m\000e\000\137\000m\000s\000\050\000\051}{subsection.4.5.3}% 70
\BOOKMARK [3][-]{subsubsection.4.5.3.2}{\376\377\0004\000.\0005\000.\0003\000.\0002\000\040\000i\000n\000i\000t\000T\000i\000m\000e\000r\000\050\000\051}{subsection.4.5.3}% 71
\BOOKMARK [2][-]{subsection.4.5.4}{\376\377\0004\000.\0005\000.\0004\000\040\000D\000o\000c\000u\000m\000e\000n\000t\000a\000t\000i\000o\000n\000\040\000d\000e\000s\000\040\000d\000o\000n\000n\000\351\000e\000s\000\040\000m\000e\000m\000b\000r\000e\000s}{section.4.5}% 72
\BOOKMARK [3][-]{subsubsection.4.5.4.1}{\376\377\0004\000.\0005\000.\0004\000.\0001\000\040\000p\000r\000e\000v\000i\000o\000u\000s\000T\000i\000m\000e}{subsection.4.5.4}% 73
\BOOKMARK [1][-]{section.4.6}{\376\377\0004\000.\0006\000\040\000R\000\351\000f\000\351\000r\000e\000n\000c\000e\000\040\000d\000e\000\040\000l\000a\000\040\000s\000t\000r\000u\000c\000t\000u\000r\000e\000\040\000T\000r\000a\000m\000e\000\137\000t}{chapter.4}% 74
\BOOKMARK [2][-]{subsection.4.6.1}{\376\377\0004\000.\0006\000.\0001\000\040\000D\000e\000s\000c\000r\000i\000p\000t\000i\000o\000n\000\040\000d\000\351\000t\000a\000i\000l\000l\000\351\000e}{section.4.6}% 75
\BOOKMARK [2][-]{subsection.4.6.2}{\376\377\0004\000.\0006\000.\0002\000\040\000D\000o\000c\000u\000m\000e\000n\000t\000a\000t\000i\000o\000n\000\040\000d\000e\000s\000\040\000d\000o\000n\000n\000\351\000e\000s\000\040\000m\000e\000m\000b\000r\000e\000s}{section.4.6}% 76
\BOOKMARK [3][-]{subsubsection.4.6.2.1}{\376\377\0004\000.\0006\000.\0002\000.\0001\000\040\000c\000a\000t\000e\000g\000o\000r\000i\000e}{subsection.4.6.2}% 77
\BOOKMARK [3][-]{subsubsection.4.6.2.2}{\376\377\0004\000.\0006\000.\0002\000.\0002\000\040\000m\000o\000d\000e}{subsection.4.6.2}% 78
\BOOKMARK [3][-]{subsubsection.4.6.2.3}{\376\377\0004\000.\0006\000.\0002\000.\0003\000\040\000s\000o\000u\000s\000\137\000c\000a\000t\000e\000g\000o\000r\000i\000e}{subsection.4.6.2}% 79
\BOOKMARK [3][-]{subsubsection.4.6.2.4}{\376\377\0004\000.\0006\000.\0002\000.\0004\000\040\000t\000a\000i\000l\000l\000e}{subsection.4.6.2}% 80
\BOOKMARK [3][-]{subsubsection.4.6.2.5}{\376\377\0004\000.\0006\000.\0002\000.\0005\000\040\000v\000a\000l\000e\000u\000r}{subsection.4.6.2}% 81
\BOOKMARK [0][-]{chapter.5}{\376\377\0005\000\040\000D\000o\000c\000u\000m\000e\000n\000t\000a\000t\000i\000o\000n\000\040\000d\000e\000s\000\040\000f\000i\000c\000h\000i\000e\000r\000s}{}% 82
\BOOKMARK [1][-]{section.5.1}{\376\377\0005\000.\0001\000\040\000R\000\351\000f\000\351\000r\000e\000n\000c\000e\000\040\000d\000u\000\040\000f\000i\000c\000h\000i\000e\000r\000\040\000e\000c\000r\000a\000n\000\137\000d\000e\000f\000i\000n\000e\000.\000h}{chapter.5}% 83
\BOOKMARK [2][-]{subsection.5.1.1}{\376\377\0005\000.\0001\000.\0001\000\040\000D\000o\000c\000u\000m\000e\000n\000t\000a\000t\000i\000o\000n\000\040\000d\000e\000s\000\040\000m\000a\000c\000r\000o\000s}{section.5.1}% 84
\BOOKMARK [3][-]{subsubsection.5.1.1.1}{\376\377\0005\000.\0001\000.\0001\000.\0001\000\040\000E\000C\000\137\000B\000A\000U\000D\000R\000A\000T\000E\000\137\000D\000E\000F\000A\000U\000L\000T}{subsection.5.1.1}% 85
\BOOKMARK [3][-]{subsubsection.5.1.1.2}{\376\377\0005\000.\0001\000.\0001\000.\0002\000\040\000E\000C\000\137\000D\000A\000T\000A\000B\000I\000T\000S\000\137\000D\000E\000F\000A\000U\000L\000T}{subsection.5.1.1}% 86
\BOOKMARK [3][-]{subsubsection.5.1.1.3}{\376\377\0005\000.\0001\000.\0001\000.\0003\000\040\000E\000C\000\137\000F\000I\000N\000\137\000T\000R\000A\000M\000E\000\137\0001}{subsection.5.1.1}% 87
\BOOKMARK [3][-]{subsubsection.5.1.1.4}{\376\377\0005\000.\0001\000.\0001\000.\0004\000\040\000E\000C\000\137\000F\000I\000N\000\137\000T\000R\000A\000M\000E\000\137\0002}{subsection.5.1.1}% 88
\BOOKMARK [3][-]{subsubsection.5.1.1.5}{\376\377\0005\000.\0001\000.\0001\000.\0005\000\040\000E\000C\000\137\000P\000A\000R\000I\000T\000Y\000\137\000D\000E\000F\000A\000U\000L\000T}{subsection.5.1.1}% 89
\BOOKMARK [3][-]{subsubsection.5.1.1.6}{\376\377\0005\000.\0001\000.\0001\000.\0006\000\040\000E\000C\000\137\000S\000E\000R\000\137\000E\000\137\000C\000O\000N\000F\000I\000G}{subsection.5.1.1}% 90
\BOOKMARK [3][-]{subsubsection.5.1.1.7}{\376\377\0005\000.\0001\000.\0001\000.\0007\000\040\000E\000C\000\137\000S\000E\000R\000\137\000E\000\137\000N\000O\000T\000\137\000F\000O\000U\000N\000D}{subsection.5.1.1}% 91
\BOOKMARK [3][-]{subsubsection.5.1.1.8}{\376\377\0005\000.\0001\000.\0001\000.\0008\000\040\000E\000C\000\137\000S\000E\000R\000\137\000E\000\137\000O\000P\000E\000N}{subsection.5.1.1}% 92
\BOOKMARK [3][-]{subsubsection.5.1.1.9}{\376\377\0005\000.\0001\000.\0001\000.\0009\000\040\000E\000C\000\137\000S\000E\000R\000\137\000E\000\137\000P\000A\000R\000A\000M}{subsection.5.1.1}% 93
\BOOKMARK [3][-]{subsubsection.5.1.1.10}{\376\377\0005\000.\0001\000.\0001\000.\0001\0000\000\040\000E\000C\000\137\000S\000E\000R\000\137\000E\000\137\000S\000U\000C\000C\000E\000S\000S}{subsection.5.1.1}% 94
\BOOKMARK [3][-]{subsubsection.5.1.1.11}{\376\377\0005\000.\0001\000.\0001\000.\0001\0001\000\040\000E\000C\000\137\000S\000E\000R\000\137\000E\000\137\000T\000I\000M\000O\000U\000T}{subsection.5.1.1}% 95
\BOOKMARK [3][-]{subsubsection.5.1.1.12}{\376\377\0005\000.\0001\000.\0001\000.\0001\0002\000\040\000E\000C\000\137\000S\000E\000R\000\137\000E\000\137\000U\000K\000N\000\137\000B\000A\000U\000D\000R\000A\000T\000E}{subsection.5.1.1}% 96
\BOOKMARK [3][-]{subsubsection.5.1.1.13}{\376\377\0005\000.\0001\000.\0001\000.\0001\0003\000\040\000E\000C\000\137\000S\000E\000R\000\137\000E\000\137\000U\000K\000N\000\137\000D\000A\000T\000A\000B\000I\000T\000S}{subsection.5.1.1}% 97
\BOOKMARK [3][-]{subsubsection.5.1.1.14}{\376\377\0005\000.\0001\000.\0001\000.\0001\0004\000\040\000E\000C\000\137\000S\000E\000R\000\137\000E\000\137\000U\000K\000N\000\137\000P\000A\000R\000I\000T\000Y}{subsection.5.1.1}% 98
\BOOKMARK [3][-]{subsubsection.5.1.1.15}{\376\377\0005\000.\0001\000.\0001\000.\0001\0005\000\040\000E\000C\000\137\000S\000E\000R\000\137\000E\000\137\000U\000K\000N\000\137\000S\000T\000O\000P\000B\000I\000T\000S}{subsection.5.1.1}% 99
\BOOKMARK [3][-]{subsubsection.5.1.1.16}{\376\377\0005\000.\0001\000.\0001\000.\0001\0006\000\040\000E\000C\000\137\000S\000E\000R\000I\000A\000L\000\137\000P\000O\000R\000T\000\137\000D\000E\000F\000A\000U\000L\000T}{subsection.5.1.1}% 100
\BOOKMARK [3][-]{subsubsection.5.1.1.17}{\376\377\0005\000.\0001\000.\0001\000.\0001\0007\000\040\000E\000C\000\137\000S\000T\000O\000P\000B\000I\000T\000S\000\137\000D\000E\000F\000A\000U\000L\000T}{subsection.5.1.1}% 101
\BOOKMARK [3][-]{subsubsection.5.1.1.18}{\376\377\0005\000.\0001\000.\0001\000.\0001\0008\000\040\000E\000C\000\137\000T\000R\000A\000M\000E\000\137\000E\000\137\000C\000A\000T}{subsection.5.1.1}% 102
\BOOKMARK [3][-]{subsubsection.5.1.1.19}{\376\377\0005\000.\0001\000.\0001\000.\0001\0009\000\040\000E\000C\000\137\000T\000R\000A\000M\000E\000\137\000E\000\137\000D\000A\000T\000A}{subsection.5.1.1}% 103
\BOOKMARK [3][-]{subsubsection.5.1.1.20}{\376\377\0005\000.\0001\000.\0001\000.\0002\0000\000\040\000E\000C\000\137\000T\000R\000A\000M\000E\000\137\000E\000\137\000E\000N\000D}{subsection.5.1.1}% 104
\BOOKMARK [3][-]{subsubsection.5.1.1.21}{\376\377\0005\000.\0001\000.\0001\000.\0002\0001\000\040\000E\000C\000\137\000T\000R\000A\000M\000E\000\137\000E\000\137\000M\000O\000D\000E}{subsection.5.1.1}% 105
\BOOKMARK [3][-]{subsubsection.5.1.1.22}{\376\377\0005\000.\0001\000.\0001\000.\0002\0002\000\040\000E\000C\000\137\000T\000R\000A\000M\000E\000\137\000E\000\137\000S\000I\000Z\000E}{subsection.5.1.1}% 106
\BOOKMARK [3][-]{subsubsection.5.1.1.23}{\376\377\0005\000.\0001\000.\0001\000.\0002\0003\000\040\000E\000C\000\137\000T\000R\000A\000M\000E\000\137\000E\000\137\000S\000O\000U\000S\000\137\000C\000A\000T}{subsection.5.1.1}% 107
\BOOKMARK [3][-]{subsubsection.5.1.1.24}{\376\377\0005\000.\0001\000.\0001\000.\0002\0004\000\040\000E\000C\000\137\000T\000R\000A\000M\000E\000\137\000E\000\137\000S\000U\000C\000C\000E\000S\000S}{subsection.5.1.1}% 108
\BOOKMARK [2][-]{subsection.5.1.2}{\376\377\0005\000.\0001\000.\0002\000\040\000D\000o\000c\000u\000m\000e\000n\000t\000a\000t\000i\000o\000n\000\040\000d\000u\000\040\000t\000y\000p\000e\000\040\000d\000e\000\040\000l\000\047\000\351\000n\000u\000m\000\351\000r\000a\000t\000i\000o\000n}{section.5.1}% 109
\BOOKMARK [3][-]{subsubsection.5.1.2.1}{\376\377\0005\000.\0001\000.\0002\000.\0001\000\040\000C\000a\000t\000e\000g\000o\000r\000i\000e\000\137\000E\000c\000r\000a\000n\000\137\000t}{subsection.5.1.2}% 110
\BOOKMARK [3][-]{subsubsection.5.1.2.2}{\376\377\0005\000.\0001\000.\0002\000.\0002\000\040\000M\000o\000d\000e\000\137\000E\000c\000r\000a\000n\000\137\000t}{subsection.5.1.2}% 111
\BOOKMARK [3][-]{subsubsection.5.1.2.3}{\376\377\0005\000.\0001\000.\0002\000.\0003\000\040\000S\000o\000u\000s\000\137\000C\000a\000t\000e\000g\000o\000r\000i\000e\000\137\000E\000c\000r\000a\000n\000\137\000t}{subsection.5.1.2}% 112
\BOOKMARK [1][-]{section.5.2}{\376\377\0005\000.\0002\000\040\000e\000c\000r\000a\000n\000\137\000d\000e\000f\000i\000n\000e\000.\000h}{chapter.5}% 113
\BOOKMARK [1][-]{section.5.3}{\376\377\0005\000.\0003\000\040\000R\000\351\000f\000\351\000r\000e\000n\000c\000e\000\040\000d\000u\000\040\000f\000i\000c\000h\000i\000e\000r\000\040\000e\000c\000r\000a\000n\000l\000i\000b\000.\000c\000p\000p}{chapter.5}% 114
\BOOKMARK [2][-]{subsection.5.3.1}{\376\377\0005\000.\0003\000.\0001\000\040\000D\000o\000c\000u\000m\000e\000n\000t\000a\000t\000i\000o\000n\000\040\000d\000e\000s\000\040\000v\000a\000r\000i\000a\000b\000l\000e\000s}{section.5.3}% 115
\BOOKMARK [3][-]{subsubsection.5.3.1.1}{\376\377\0005\000.\0003\000.\0001\000.\0001\000\040\000l\000o\000g\000E\000c\000r\000a\000n}{subsection.5.3.1}% 116
\BOOKMARK [3][-]{subsubsection.5.3.1.2}{\376\377\0005\000.\0003\000.\0001\000.\0002\000\040\000s\000e\000r\000i\000a\000l}{subsection.5.3.1}% 117
\BOOKMARK [1][-]{section.5.4}{\376\377\0005\000.\0004\000\040\000e\000c\000r\000a\000n\000l\000i\000b\000.\000c\000p\000p}{chapter.5}% 118
\BOOKMARK [1][-]{section.5.5}{\376\377\0005\000.\0005\000\040\000R\000\351\000f\000\351\000r\000e\000n\000c\000e\000\040\000d\000u\000\040\000f\000i\000c\000h\000i\000e\000r\000\040\000e\000c\000r\000a\000n\000l\000i\000b\000.\000h}{chapter.5}% 119
\BOOKMARK [2][-]{subsection.5.5.1}{\376\377\0005\000.\0005\000.\0001\000\040\000D\000e\000s\000c\000r\000i\000p\000t\000i\000o\000n\000\040\000d\000\351\000t\000a\000i\000l\000l\000\351\000e}{section.5.5}% 120
\BOOKMARK [1][-]{section.5.6}{\376\377\0005\000.\0006\000\040\000e\000c\000r\000a\000n\000l\000i\000b\000.\000h}{chapter.5}% 121
\BOOKMARK [1][-]{section.5.7}{\376\377\0005\000.\0007\000\040\000R\000\351\000f\000\351\000r\000e\000n\000c\000e\000\040\000d\000u\000\040\000f\000i\000c\000h\000i\000e\000r\000\040\000l\000o\000g\000l\000i\000b\000.\000c\000p\000p}{chapter.5}% 122
\BOOKMARK [2][-]{subsection.5.7.1}{\376\377\0005\000.\0007\000.\0001\000\040\000D\000o\000c\000u\000m\000e\000n\000t\000a\000t\000i\000o\000n\000\040\000d\000e\000s\000\040\000f\000o\000n\000c\000t\000i\000o\000n\000s}{section.5.7}% 123
\BOOKMARK [3][-]{subsubsection.5.7.1.1}{\376\377\0005\000.\0007\000.\0001\000.\0001\000\040\000o\000p\000e\000r\000a\000t\000o\000r\000<\000<\000\050\000\051}{subsection.5.7.1}% 124
\BOOKMARK [3][-]{subsubsection.5.7.1.2}{\376\377\0005\000.\0007\000.\0001\000.\0002\000\040\000s\000t\000r\000i\000n\000g\000T\000o\000C\000h\000a\000r\000\050\000\051}{subsection.5.7.1}% 125
\BOOKMARK [1][-]{section.5.8}{\376\377\0005\000.\0008\000\040\000l\000o\000g\000l\000i\000b\000.\000c\000p\000p}{chapter.5}% 126
\BOOKMARK [1][-]{section.5.9}{\376\377\0005\000.\0009\000\040\000R\000\351\000f\000\351\000r\000e\000n\000c\000e\000\040\000d\000u\000\040\000f\000i\000c\000h\000i\000e\000r\000\040\000l\000o\000g\000l\000i\000b\000.\000h}{chapter.5}% 127
\BOOKMARK [2][-]{subsection.5.9.1}{\376\377\0005\000.\0009\000.\0001\000\040\000D\000o\000c\000u\000m\000e\000n\000t\000a\000t\000i\000o\000n\000\040\000d\000e\000s\000\040\000f\000o\000n\000c\000t\000i\000o\000n\000s}{section.5.9}% 128
\BOOKMARK [3][-]{subsubsection.5.9.1.1}{\376\377\0005\000.\0009\000.\0001\000.\0001\000\040\000o\000p\000e\000r\000a\000t\000o\000r\000<\000<\000\050\000\051}{subsection.5.9.1}% 129
\BOOKMARK [3][-]{subsubsection.5.9.1.2}{\376\377\0005\000.\0009\000.\0001\000.\0002\000\040\000s\000t\000r\000i\000n\000g\000T\000o\000C\000h\000a\000r\000\050\000\051}{subsection.5.9.1}% 130
\BOOKMARK [2][-]{subsection.5.9.2}{\376\377\0005\000.\0009\000.\0002\000\040\000D\000o\000c\000u\000m\000e\000n\000t\000a\000t\000i\000o\000n\000\040\000d\000e\000s\000\040\000v\000a\000r\000i\000a\000b\000l\000e\000s}{section.5.9}% 131
\BOOKMARK [3][-]{subsubsection.5.9.2.1}{\376\377\0005\000.\0009\000.\0002\000.\0001\000\040\000m\000e\000n\000d\000l}{subsection.5.9.2}% 132
\BOOKMARK [1][-]{section.5.10}{\376\377\0005\000.\0001\0000\000\040\000l\000o\000g\000l\000i\000b\000.\000h}{chapter.5}% 133
\BOOKMARK [1][-]{section.5.11}{\376\377\0005\000.\0001\0001\000\040\000R\000\351\000f\000\351\000r\000e\000n\000c\000e\000\040\000d\000u\000\040\000f\000i\000c\000h\000i\000e\000r\000\040\000m\000a\000i\000n\000.\000c\000p\000p}{chapter.5}% 134
\BOOKMARK [2][-]{subsection.5.11.1}{\376\377\0005\000.\0001\0001\000.\0001\000\040\000D\000o\000c\000u\000m\000e\000n\000t\000a\000t\000i\000o\000n\000\040\000d\000e\000s\000\040\000f\000o\000n\000c\000t\000i\000o\000n\000s}{section.5.11}% 135
\BOOKMARK [3][-]{subsubsection.5.11.1.1}{\376\377\0005\000.\0001\0001\000.\0001\000.\0001\000\040\000m\000a\000i\000n\000\050\000\051}{subsection.5.11.1}% 136
\BOOKMARK [1][-]{section.5.12}{\376\377\0005\000.\0001\0002\000\040\000m\000a\000i\000n\000.\000c\000p\000p}{chapter.5}% 137
\BOOKMARK [1][-]{section.5.13}{\376\377\0005\000.\0001\0003\000\040\000R\000\351\000f\000\351\000r\000e\000n\000c\000e\000\040\000d\000u\000\040\000f\000i\000c\000h\000i\000e\000r\000\040\000s\000e\000r\000i\000a\000l\000i\000b\000.\000c\000p\000p}{chapter.5}% 138
\BOOKMARK [2][-]{subsection.5.13.1}{\376\377\0005\000.\0001\0003\000.\0001\000\040\000D\000e\000s\000c\000r\000i\000p\000t\000i\000o\000n\000\040\000d\000\351\000t\000a\000i\000l\000l\000\351\000e}{section.5.13}% 139
\BOOKMARK [1][-]{section.5.14}{\376\377\0005\000.\0001\0004\000\040\000s\000e\000r\000i\000a\000l\000i\000b\000.\000c\000p\000p}{chapter.5}% 140
\BOOKMARK [1][-]{section.5.15}{\376\377\0005\000.\0001\0005\000\040\000R\000\351\000f\000\351\000r\000e\000n\000c\000e\000\040\000d\000u\000\040\000f\000i\000c\000h\000i\000e\000r\000\040\000s\000e\000r\000i\000a\000l\000i\000b\000.\000h}{chapter.5}% 141
\BOOKMARK [2][-]{subsection.5.15.1}{\376\377\0005\000.\0001\0005\000.\0001\000\040\000D\000e\000s\000c\000r\000i\000p\000t\000i\000o\000n\000\040\000d\000\351\000t\000a\000i\000l\000l\000\351\000e}{section.5.15}% 142
\BOOKMARK [2][-]{subsection.5.15.2}{\376\377\0005\000.\0001\0005\000.\0002\000\040\000D\000o\000c\000u\000m\000e\000n\000t\000a\000t\000i\000o\000n\000\040\000d\000e\000s\000\040\000m\000a\000c\000r\000o\000s}{section.5.15}% 143
\BOOKMARK [3][-]{subsubsection.5.15.2.1}{\376\377\0005\000.\0001\0005\000.\0002\000.\0001\000\040\000U\000N\000U\000S\000E\000D}{subsection.5.15.2}% 144
\BOOKMARK [2][-]{subsection.5.15.3}{\376\377\0005\000.\0001\0005\000.\0003\000\040\000D\000o\000c\000u\000m\000e\000n\000t\000a\000t\000i\000o\000n\000\040\000d\000u\000\040\000t\000y\000p\000e\000\040\000d\000e\000\040\000l\000\047\000\351\000n\000u\000m\000\351\000r\000a\000t\000i\000o\000n}{section.5.15}% 145
\BOOKMARK [3][-]{subsubsection.5.15.3.1}{\376\377\0005\000.\0001\0005\000.\0003\000.\0001\000\040\000S\000e\000r\000i\000a\000l\000D\000a\000t\000a\000B\000i\000t\000s}{subsection.5.15.3}% 146
\BOOKMARK [3][-]{subsubsection.5.15.3.2}{\376\377\0005\000.\0001\0005\000.\0003\000.\0002\000\040\000S\000e\000r\000i\000a\000l\000P\000a\000r\000i\000t\000y}{subsection.5.15.3}% 147
\BOOKMARK [3][-]{subsubsection.5.15.3.3}{\376\377\0005\000.\0001\0005\000.\0003\000.\0003\000\040\000S\000e\000r\000i\000a\000l\000S\000t\000o\000p\000B\000i\000t\000s}{subsection.5.15.3}% 148
\BOOKMARK [1][-]{section.5.16}{\376\377\0005\000.\0001\0006\000\040\000s\000e\000r\000i\000a\000l\000i\000b\000.\000h}{chapter.5}% 149
\BOOKMARK [0][-]{section*.26}{\376\377\000I\000n\000d\000e\000x}{}% 150
