\BOOKMARK [0][-]{chapter.1}{\376\377\0001\000\040\000I\000n\000d\000e\000x\000\040\000h\000i\000\351\000r\000a\000r\000c\000h\000i\000q\000u\000e}{}% 1
\BOOKMARK [1][-]{section.1.1}{\376\377\0001\000.\0001\000\040\000H\000i\000\351\000r\000a\000r\000c\000h\000i\000e\000\040\000d\000e\000s\000\040\000c\000l\000a\000s\000s\000e\000s}{chapter.1}% 2
\BOOKMARK [0][-]{chapter.2}{\376\377\0002\000\040\000I\000n\000d\000e\000x\000\040\000d\000e\000s\000\040\000c\000l\000a\000s\000s\000e\000s}{}% 3
\BOOKMARK [1][-]{section.2.1}{\376\377\0002\000.\0001\000\040\000L\000i\000s\000t\000e\000\040\000d\000e\000s\000\040\000c\000l\000a\000s\000s\000e\000s}{chapter.2}% 4
\BOOKMARK [0][-]{chapter.3}{\376\377\0003\000\040\000I\000n\000d\000e\000x\000\040\000d\000e\000s\000\040\000f\000i\000c\000h\000i\000e\000r\000s}{}% 5
\BOOKMARK [1][-]{section.3.1}{\376\377\0003\000.\0001\000\040\000L\000i\000s\000t\000e\000\040\000d\000e\000s\000\040\000f\000i\000c\000h\000i\000e\000r\000s}{chapter.3}% 6
\BOOKMARK [0][-]{chapter.4}{\376\377\0004\000\040\000D\000o\000c\000u\000m\000e\000n\000t\000a\000t\000i\000o\000n\000\040\000d\000e\000s\000\040\000c\000l\000a\000s\000s\000e\000s}{}% 7
\BOOKMARK [1][-]{section.4.1}{\376\377\0004\000.\0001\000\040\000R\000\351\000f\000\351\000r\000e\000n\000c\000e\000\040\000d\000e\000\040\000l\000a\000\040\000c\000l\000a\000s\000s\000e\000\040\000L\000o\000g}{chapter.4}% 8
\BOOKMARK [2][-]{subsection.4.1.1}{\376\377\0004\000.\0001\000.\0001\000\040\000D\000e\000s\000c\000r\000i\000p\000t\000i\000o\000n\000\040\000d\000\351\000t\000a\000i\000l\000l\000\351\000e}{section.4.1}% 9
\BOOKMARK [2][-]{subsection.4.1.2}{\376\377\0004\000.\0001\000.\0002\000\040\000D\000o\000c\000u\000m\000e\000n\000t\000a\000t\000i\000o\000n\000\040\000d\000e\000s\000\040\000c\000o\000n\000s\000t\000r\000u\000c\000t\000e\000u\000r\000s\000\040\000e\000t\000\040\000d\000e\000s\000t\000r\000u\000c\000t\000e\000u\000r}{section.4.1}% 10
\BOOKMARK [3][-]{subsubsection.4.1.2.1}{\376\377\0004\000.\0001\000.\0002\000.\0001\000\040\000L\000o\000g\000\050\000\051}{subsection.4.1.2}% 11
\BOOKMARK [2][-]{subsection.4.1.3}{\376\377\0004\000.\0001\000.\0003\000\040\000D\000o\000c\000u\000m\000e\000n\000t\000a\000t\000i\000o\000n\000\040\000d\000e\000s\000\040\000f\000o\000n\000c\000t\000i\000o\000n\000s\000\040\000m\000e\000m\000b\000r\000e\000s}{section.4.1}% 12
\BOOKMARK [3][-]{subsubsection.4.1.3.1}{\376\377\0004\000.\0001\000.\0003\000.\0001\000\040\000s\000a\000v\000e\000\050\000\051}{subsection.4.1.3}% 13
\BOOKMARK [2][-]{subsection.4.1.4}{\376\377\0004\000.\0001\000.\0004\000\040\000D\000o\000c\000u\000m\000e\000n\000t\000a\000t\000i\000o\000n\000\040\000d\000e\000s\000\040\000f\000o\000n\000c\000t\000i\000o\000n\000s\000\040\000a\000m\000i\000e\000s\000\040\000e\000t\000\040\000a\000s\000s\000o\000c\000i\000\351\000e\000s}{section.4.1}% 14
\BOOKMARK [3][-]{subsubsection.4.1.4.1}{\376\377\0004\000.\0001\000.\0004\000.\0001\000\040\000o\000p\000e\000r\000a\000t\000o\000r\000<\000<\000\040\000[\0001\000/\0002\000]}{subsection.4.1.4}% 15
\BOOKMARK [3][-]{subsubsection.4.1.4.2}{\376\377\0004\000.\0001\000.\0004\000.\0002\000\040\000o\000p\000e\000r\000a\000t\000o\000r\000<\000<\000\040\000[\0002\000/\0002\000]}{subsection.4.1.4}% 16
\BOOKMARK [2][-]{subsection.4.1.5}{\376\377\0004\000.\0001\000.\0005\000\040\000D\000o\000c\000u\000m\000e\000n\000t\000a\000t\000i\000o\000n\000\040\000d\000e\000s\000\040\000d\000o\000n\000n\000\351\000e\000s\000\040\000m\000e\000m\000b\000r\000e\000s}{section.4.1}% 17
\BOOKMARK [3][-]{subsubsection.4.1.5.1}{\376\377\0004\000.\0001\000.\0005\000.\0001\000\040\000n\000a\000m\000e}{subsection.4.1.5}% 18
\BOOKMARK [3][-]{subsubsection.4.1.5.2}{\376\377\0004\000.\0001\000.\0005\000.\0002\000\040\000s\000s}{subsection.4.1.5}% 19
\BOOKMARK [1][-]{section.4.2}{\376\377\0004\000.\0002\000\040\000R\000\351\000f\000\351\000r\000e\000n\000c\000e\000\040\000d\000e\000\040\000l\000a\000\040\000s\000t\000r\000u\000c\000t\000u\000r\000e\000\040\000M\000e\000n\000d\000l}{chapter.4}% 20
\BOOKMARK [2][-]{subsection.4.2.1}{\376\377\0004\000.\0002\000.\0001\000\040\000D\000e\000s\000c\000r\000i\000p\000t\000i\000o\000n\000\040\000d\000\351\000t\000a\000i\000l\000l\000\351\000e}{section.4.2}% 21
\BOOKMARK [1][-]{section.4.3}{\376\377\0004\000.\0003\000\040\000R\000\351\000f\000\351\000r\000e\000n\000c\000e\000\040\000d\000e\000\040\000l\000a\000\040\000c\000l\000a\000s\000s\000e\000\040\000s\000e\000r\000i\000a\000l\000i\000b}{chapter.4}% 22
\BOOKMARK [2][-]{subsection.4.3.1}{\376\377\0004\000.\0003\000.\0001\000\040\000D\000e\000s\000c\000r\000i\000p\000t\000i\000o\000n\000\040\000d\000\351\000t\000a\000i\000l\000l\000\351\000e}{section.4.3}% 23
\BOOKMARK [2][-]{subsection.4.3.2}{\376\377\0004\000.\0003\000.\0002\000\040\000D\000o\000c\000u\000m\000e\000n\000t\000a\000t\000i\000o\000n\000\040\000d\000e\000s\000\040\000c\000o\000n\000s\000t\000r\000u\000c\000t\000e\000u\000r\000s\000\040\000e\000t\000\040\000d\000e\000s\000t\000r\000u\000c\000t\000e\000u\000r}{section.4.3}% 24
\BOOKMARK [3][-]{subsubsection.4.3.2.1}{\376\377\0004\000.\0003\000.\0002\000.\0001\000\040\000s\000e\000r\000i\000a\000l\000i\000b\000\050\000\051}{subsection.4.3.2}% 25
\BOOKMARK [3][-]{subsubsection.4.3.2.2}{\376\377\0004\000.\0003\000.\0002\000.\0002\000\040\000\040\000s\000e\000r\000i\000a\000l\000i\000b\000\050\000\051}{subsection.4.3.2}% 26
\BOOKMARK [2][-]{subsection.4.3.3}{\376\377\0004\000.\0003\000.\0003\000\040\000D\000o\000c\000u\000m\000e\000n\000t\000a\000t\000i\000o\000n\000\040\000d\000e\000s\000\040\000f\000o\000n\000c\000t\000i\000o\000n\000s\000\040\000m\000e\000m\000b\000r\000e\000s}{section.4.3}% 27
\BOOKMARK [3][-]{subsubsection.4.3.3.1}{\376\377\0004\000.\0003\000.\0003\000.\0001\000\040\000a\000v\000a\000i\000l\000a\000b\000l\000e\000\050\000\051}{subsection.4.3.3}% 28
\BOOKMARK [3][-]{subsubsection.4.3.3.2}{\376\377\0004\000.\0003\000.\0003\000.\0002\000\040\000c\000l\000e\000a\000r\000D\000T\000R\000\050\000\051}{subsection.4.3.3}% 29
\BOOKMARK [3][-]{subsubsection.4.3.3.3}{\376\377\0004\000.\0003\000.\0003\000.\0003\000\040\000c\000l\000e\000a\000r\000R\000T\000S\000\050\000\051}{subsection.4.3.3}% 30
\BOOKMARK [3][-]{subsubsection.4.3.3.4}{\376\377\0004\000.\0003\000.\0003\000.\0004\000\040\000c\000l\000o\000s\000e\000D\000e\000v\000i\000c\000e\000\050\000\051}{subsection.4.3.3}% 31
\BOOKMARK [3][-]{subsubsection.4.3.3.5}{\376\377\0004\000.\0003\000.\0003\000.\0005\000\040\000D\000T\000R\000\050\000\051}{subsection.4.3.3}% 32
\BOOKMARK [3][-]{subsubsection.4.3.3.6}{\376\377\0004\000.\0003\000.\0003\000.\0006\000\040\000f\000l\000u\000s\000h\000R\000e\000c\000e\000i\000v\000e\000r\000\050\000\051}{subsection.4.3.3}% 33
\BOOKMARK [3][-]{subsubsection.4.3.3.7}{\376\377\0004\000.\0003\000.\0003\000.\0007\000\040\000i\000s\000C\000T\000S\000\050\000\051}{subsection.4.3.3}% 34
\BOOKMARK [3][-]{subsubsection.4.3.3.8}{\376\377\0004\000.\0003\000.\0003\000.\0008\000\040\000i\000s\000D\000C\000D\000\050\000\051}{subsection.4.3.3}% 35
\BOOKMARK [3][-]{subsubsection.4.3.3.9}{\376\377\0004\000.\0003\000.\0003\000.\0009\000\040\000i\000s\000D\000e\000v\000i\000c\000e\000O\000p\000e\000n\000\050\000\051}{subsection.4.3.3}% 36
\BOOKMARK [3][-]{subsubsection.4.3.3.10}{\376\377\0004\000.\0003\000.\0003\000.\0001\0000\000\040\000i\000s\000D\000S\000R\000\050\000\051}{subsection.4.3.3}% 37
\BOOKMARK [3][-]{subsubsection.4.3.3.11}{\376\377\0004\000.\0003\000.\0003\000.\0001\0001\000\040\000i\000s\000D\000T\000R\000\050\000\051}{subsection.4.3.3}% 38
\BOOKMARK [3][-]{subsubsection.4.3.3.12}{\376\377\0004\000.\0003\000.\0003\000.\0001\0002\000\040\000i\000s\000R\000I\000\050\000\051}{subsection.4.3.3}% 39
\BOOKMARK [3][-]{subsubsection.4.3.3.13}{\376\377\0004\000.\0003\000.\0003\000.\0001\0003\000\040\000i\000s\000R\000T\000S\000\050\000\051}{subsection.4.3.3}% 40
\BOOKMARK [3][-]{subsubsection.4.3.3.14}{\376\377\0004\000.\0003\000.\0003\000.\0001\0004\000\040\000o\000p\000e\000n\000D\000e\000v\000i\000c\000e\000\050\000\051}{subsection.4.3.3}% 41
\BOOKMARK [3][-]{subsubsection.4.3.3.15}{\376\377\0004\000.\0003\000.\0003\000.\0001\0005\000\040\000r\000e\000a\000d\000B\000y\000t\000e\000s\000\050\000\051}{subsection.4.3.3}% 42
\BOOKMARK [3][-]{subsubsection.4.3.3.16}{\376\377\0004\000.\0003\000.\0003\000.\0001\0006\000\040\000r\000e\000a\000d\000C\000h\000a\000r\000\050\000\051}{subsection.4.3.3}% 43
\BOOKMARK [3][-]{subsubsection.4.3.3.17}{\376\377\0004\000.\0003\000.\0003\000.\0001\0007\000\040\000r\000e\000a\000d\000S\000t\000r\000i\000n\000g\000\050\000\051}{subsection.4.3.3}% 44
\BOOKMARK [3][-]{subsubsection.4.3.3.18}{\376\377\0004\000.\0003\000.\0003\000.\0001\0008\000\040\000r\000e\000a\000d\000S\000t\000r\000i\000n\000g\000N\000o\000T\000i\000m\000e\000O\000u\000t\000\050\000\051}{subsection.4.3.3}% 45
\BOOKMARK [3][-]{subsubsection.4.3.3.19}{\376\377\0004\000.\0003\000.\0003\000.\0001\0009\000\040\000R\000T\000S\000\050\000\051}{subsection.4.3.3}% 46
\BOOKMARK [3][-]{subsubsection.4.3.3.20}{\376\377\0004\000.\0003\000.\0003\000.\0002\0000\000\040\000s\000e\000t\000D\000T\000R\000\050\000\051}{subsection.4.3.3}% 47
\BOOKMARK [3][-]{subsubsection.4.3.3.21}{\376\377\0004\000.\0003\000.\0003\000.\0002\0001\000\040\000s\000e\000t\000R\000T\000S\000\050\000\051}{subsection.4.3.3}% 48
\BOOKMARK [3][-]{subsubsection.4.3.3.22}{\376\377\0004\000.\0003\000.\0003\000.\0002\0002\000\040\000w\000r\000i\000t\000e\000B\000y\000t\000e\000s\000\050\000\051}{subsection.4.3.3}% 49
\BOOKMARK [3][-]{subsubsection.4.3.3.23}{\376\377\0004\000.\0003\000.\0003\000.\0002\0003\000\040\000w\000r\000i\000t\000e\000C\000h\000a\000r\000\050\000\051}{subsection.4.3.3}% 50
\BOOKMARK [3][-]{subsubsection.4.3.3.24}{\376\377\0004\000.\0003\000.\0003\000.\0002\0004\000\040\000w\000r\000i\000t\000e\000S\000t\000r\000i\000n\000g\000\050\000\051}{subsection.4.3.3}% 51
\BOOKMARK [2][-]{subsection.4.3.4}{\376\377\0004\000.\0003\000.\0004\000\040\000D\000o\000c\000u\000m\000e\000n\000t\000a\000t\000i\000o\000n\000\040\000d\000e\000s\000\040\000d\000o\000n\000n\000\351\000e\000s\000\040\000m\000e\000m\000b\000r\000e\000s}{section.4.3}% 52
\BOOKMARK [3][-]{subsubsection.4.3.4.1}{\376\377\0004\000.\0003\000.\0004\000.\0001\000\040\000c\000u\000r\000r\000e\000n\000t\000S\000t\000a\000t\000e\000D\000T\000R}{subsection.4.3.4}% 53
\BOOKMARK [3][-]{subsubsection.4.3.4.2}{\376\377\0004\000.\0003\000.\0004\000.\0002\000\040\000c\000u\000r\000r\000e\000n\000t\000S\000t\000a\000t\000e\000R\000T\000S}{subsection.4.3.4}% 54
\BOOKMARK [1][-]{section.4.4}{\376\377\0004\000.\0004\000\040\000R\000\351\000f\000\351\000r\000e\000n\000c\000e\000\040\000d\000e\000\040\000l\000a\000\040\000c\000l\000a\000s\000s\000e\000\040\000t\000i\000m\000e\000O\000u\000t}{chapter.4}% 55
\BOOKMARK [2][-]{subsection.4.4.1}{\376\377\0004\000.\0004\000.\0001\000\040\000D\000e\000s\000c\000r\000i\000p\000t\000i\000o\000n\000\040\000d\000\351\000t\000a\000i\000l\000l\000\351\000e}{section.4.4}% 56
\BOOKMARK [2][-]{subsection.4.4.2}{\376\377\0004\000.\0004\000.\0002\000\040\000D\000o\000c\000u\000m\000e\000n\000t\000a\000t\000i\000o\000n\000\040\000d\000e\000s\000\040\000c\000o\000n\000s\000t\000r\000u\000c\000t\000e\000u\000r\000s\000\040\000e\000t\000\040\000d\000e\000s\000t\000r\000u\000c\000t\000e\000u\000r}{section.4.4}% 57
\BOOKMARK [3][-]{subsubsection.4.4.2.1}{\376\377\0004\000.\0004\000.\0002\000.\0001\000\040\000t\000i\000m\000e\000O\000u\000t\000\050\000\051}{subsection.4.4.2}% 58
\BOOKMARK [2][-]{subsection.4.4.3}{\376\377\0004\000.\0004\000.\0003\000\040\000D\000o\000c\000u\000m\000e\000n\000t\000a\000t\000i\000o\000n\000\040\000d\000e\000s\000\040\000f\000o\000n\000c\000t\000i\000o\000n\000s\000\040\000m\000e\000m\000b\000r\000e\000s}{section.4.4}% 59
\BOOKMARK [3][-]{subsubsection.4.4.3.1}{\376\377\0004\000.\0004\000.\0003\000.\0001\000\040\000e\000l\000a\000p\000s\000e\000d\000T\000i\000m\000e\000\137\000m\000s\000\050\000\051}{subsection.4.4.3}% 60
\BOOKMARK [3][-]{subsubsection.4.4.3.2}{\376\377\0004\000.\0004\000.\0003\000.\0002\000\040\000i\000n\000i\000t\000T\000i\000m\000e\000r\000\050\000\051}{subsection.4.4.3}% 61
\BOOKMARK [2][-]{subsection.4.4.4}{\376\377\0004\000.\0004\000.\0004\000\040\000D\000o\000c\000u\000m\000e\000n\000t\000a\000t\000i\000o\000n\000\040\000d\000e\000s\000\040\000d\000o\000n\000n\000\351\000e\000s\000\040\000m\000e\000m\000b\000r\000e\000s}{section.4.4}% 62
\BOOKMARK [3][-]{subsubsection.4.4.4.1}{\376\377\0004\000.\0004\000.\0004\000.\0001\000\040\000p\000r\000e\000v\000i\000o\000u\000s\000T\000i\000m\000e}{subsection.4.4.4}% 63
\BOOKMARK [1][-]{section.4.5}{\376\377\0004\000.\0005\000\040\000R\000\351\000f\000\351\000r\000e\000n\000c\000e\000\040\000d\000e\000\040\000l\000a\000\040\000s\000t\000r\000u\000c\000t\000u\000r\000e\000\040\000X\000B\000e\000e\000:\000:\000T\000r\000a\000m\000e\000\137\000t}{chapter.4}% 64
\BOOKMARK [2][-]{subsection.4.5.1}{\376\377\0004\000.\0005\000.\0001\000\040\000D\000e\000s\000c\000r\000i\000p\000t\000i\000o\000n\000\040\000d\000\351\000t\000a\000i\000l\000l\000\351\000e}{section.4.5}% 65
\BOOKMARK [2][-]{subsection.4.5.2}{\376\377\0004\000.\0005\000.\0002\000\040\000D\000o\000c\000u\000m\000e\000n\000t\000a\000t\000i\000o\000n\000\040\000d\000e\000s\000\040\000d\000o\000n\000n\000\351\000e\000s\000\040\000m\000e\000m\000b\000r\000e\000s}{section.4.5}% 66
\BOOKMARK [3][-]{subsubsection.4.5.2.1}{\376\377\0004\000.\0005\000.\0002\000.\0001\000\040\000a\000d\000r\000\137\000d\000e\000s\000t}{subsection.4.5.2}% 67
\BOOKMARK [3][-]{subsubsection.4.5.2.2}{\376\377\0004\000.\0005\000.\0002\000.\0002\000\040\000a\000d\000r\000\137\000e\000m\000e\000t\000t\000e\000u\000r}{subsection.4.5.2}% 68
\BOOKMARK [3][-]{subsubsection.4.5.2.3}{\376\377\0004\000.\0005\000.\0002\000.\0003\000\040\000c\000o\000d\000e\000\137\000f\000c\000t}{subsection.4.5.2}% 69
\BOOKMARK [3][-]{subsubsection.4.5.2.4}{\376\377\0004\000.\0005\000.\0002\000.\0004\000\040\000c\000r\000c\000\137\000h\000i\000g\000h}{subsection.4.5.2}% 70
\BOOKMARK [3][-]{subsubsection.4.5.2.5}{\376\377\0004\000.\0005\000.\0002\000.\0005\000\040\000c\000r\000c\000\137\000l\000o\000w}{subsection.4.5.2}% 71
\BOOKMARK [3][-]{subsubsection.4.5.2.6}{\376\377\0004\000.\0005\000.\0002\000.\0006\000\040\000e\000n\000d\000\137\000s\000e\000q}{subsection.4.5.2}% 72
\BOOKMARK [3][-]{subsubsection.4.5.2.7}{\376\377\0004\000.\0005\000.\0002\000.\0007\000\040\000i\000d\000\137\000t\000r\000a\000m\000e\000\137\000h\000i\000g\000h}{subsection.4.5.2}% 73
\BOOKMARK [3][-]{subsubsection.4.5.2.8}{\376\377\0004\000.\0005\000.\0002\000.\0008\000\040\000i\000d\000\137\000t\000r\000a\000m\000e\000\137\000l\000o\000w}{subsection.4.5.2}% 74
\BOOKMARK [3][-]{subsubsection.4.5.2.9}{\376\377\0004\000.\0005\000.\0002\000.\0009\000\040\000n\000b\000\137\000o\000c\000t\000e\000t\000s\000\137\000m\000s\000g}{subsection.4.5.2}% 75
\BOOKMARK [3][-]{subsubsection.4.5.2.10}{\376\377\0004\000.\0005\000.\0002\000.\0001\0000\000\040\000p\000a\000r\000a\000m}{subsection.4.5.2}% 76
\BOOKMARK [3][-]{subsubsection.4.5.2.11}{\376\377\0004\000.\0005\000.\0002\000.\0001\0001\000\040\000s\000t\000a\000r\000t\000\137\000s\000e\000q}{subsection.4.5.2}% 77
\BOOKMARK [1][-]{section.4.6}{\376\377\0004\000.\0006\000\040\000R\000\351\000f\000\351\000r\000e\000n\000c\000e\000\040\000d\000e\000\040\000l\000a\000\040\000c\000l\000a\000s\000s\000e\000\040\000X\000B\000e\000e}{chapter.4}% 78
\BOOKMARK [2][-]{subsection.4.6.1}{\376\377\0004\000.\0006\000.\0001\000\040\000D\000e\000s\000c\000r\000i\000p\000t\000i\000o\000n\000\040\000d\000\351\000t\000a\000i\000l\000l\000\351\000e}{section.4.6}% 79
\BOOKMARK [2][-]{subsection.4.6.2}{\376\377\0004\000.\0006\000.\0002\000\040\000D\000o\000c\000u\000m\000e\000n\000t\000a\000t\000i\000o\000n\000\040\000d\000e\000s\000\040\000c\000o\000n\000s\000t\000r\000u\000c\000t\000e\000u\000r\000s\000\040\000e\000t\000\040\000d\000e\000s\000t\000r\000u\000c\000t\000e\000u\000r}{section.4.6}% 80
\BOOKMARK [3][-]{subsubsection.4.6.2.1}{\376\377\0004\000.\0006\000.\0002\000.\0001\000\040\000X\000B\000e\000e\000\050\000\051}{subsection.4.6.2}% 81
\BOOKMARK [3][-]{subsubsection.4.6.2.2}{\376\377\0004\000.\0006\000.\0002\000.\0002\000\040\000\040\000X\000B\000e\000e\000\050\000\051}{subsection.4.6.2}% 82
\BOOKMARK [2][-]{subsection.4.6.3}{\376\377\0004\000.\0006\000.\0003\000\040\000D\000o\000c\000u\000m\000e\000n\000t\000a\000t\000i\000o\000n\000\040\000d\000e\000s\000\040\000f\000o\000n\000c\000t\000i\000o\000n\000s\000\040\000m\000e\000m\000b\000r\000e\000s}{section.4.6}% 83
\BOOKMARK [3][-]{subsubsection.4.6.3.1}{\376\377\0004\000.\0006\000.\0003\000.\0001\000\040\000a\000f\000f\000i\000c\000h\000e\000r\000T\000r\000a\000m\000e\000R\000e\000c\000u\000e\000\050\000\051}{subsection.4.6.3}% 84
\BOOKMARK [3][-]{subsubsection.4.6.3.2}{\376\377\0004\000.\0006\000.\0003\000.\0002\000\040\000c\000h\000a\000r\000T\000o\000S\000t\000r\000i\000n\000g\000\050\000\051}{subsection.4.6.3}% 85
\BOOKMARK [3][-]{subsubsection.4.6.3.3}{\376\377\0004\000.\0006\000.\0003\000.\0003\000\040\000c\000h\000e\000c\000k\000A\000T\000C\000o\000n\000f\000i\000g\000\050\000\051}{subsection.4.6.3}% 86
\BOOKMARK [3][-]{subsubsection.4.6.3.4}{\376\377\0004\000.\0006\000.\0003\000.\0004\000\040\000c\000l\000o\000s\000e\000S\000e\000r\000i\000a\000l\000C\000o\000n\000n\000e\000c\000t\000i\000o\000n\000\050\000\051}{subsection.4.6.3}% 87
\BOOKMARK [3][-]{subsubsection.4.6.3.5}{\376\377\0004\000.\0006\000.\0003\000.\0005\000\040\000c\000r\000c\0001\0006\000\050\000\051}{subsection.4.6.3}% 88
\BOOKMARK [3][-]{subsubsection.4.6.3.6}{\376\377\0004\000.\0006\000.\0003\000.\0006\000\040\000d\000e\000l\000a\000y\000\050\000\051}{subsection.4.6.3}% 89
\BOOKMARK [3][-]{subsubsection.4.6.3.7}{\376\377\0004\000.\0006\000.\0003\000.\0007\000\040\000d\000i\000s\000c\000o\000v\000e\000r\000X\000b\000e\000e\000N\000e\000t\000w\000o\000r\000k\000\050\000\051}{subsection.4.6.3}% 90
\BOOKMARK [3][-]{subsubsection.4.6.3.8}{\376\377\0004\000.\0006\000.\0003\000.\0008\000\040\000e\000n\000t\000e\000r\000A\000T\000M\000o\000d\000e\000\050\000\051}{subsection.4.6.3}% 91
\BOOKMARK [3][-]{subsubsection.4.6.3.9}{\376\377\0004\000.\0006\000.\0003\000.\0009\000\040\000e\000x\000i\000t\000A\000T\000M\000o\000d\000e\000\050\000\051}{subsection.4.6.3}% 92
\BOOKMARK [3][-]{subsubsection.4.6.3.10}{\376\377\0004\000.\0006\000.\0003\000.\0001\0000\000\040\000i\000s\000C\000o\000d\000e\000F\000c\000t\000C\000o\000r\000r\000e\000c\000t\000\050\000\051}{subsection.4.6.3}% 93
\BOOKMARK [3][-]{subsubsection.4.6.3.11}{\376\377\0004\000.\0006\000.\0003\000.\0001\0001\000\040\000i\000s\000C\000R\000C\000C\000o\000r\000r\000e\000c\000t\000\050\000\051}{subsection.4.6.3}% 94
\BOOKMARK [3][-]{subsubsection.4.6.3.12}{\376\377\0004\000.\0006\000.\0003\000.\0001\0002\000\040\000i\000s\000D\000e\000s\000t\000C\000o\000r\000r\000e\000c\000t\000\050\000\051}{subsection.4.6.3}% 95
\BOOKMARK [3][-]{subsubsection.4.6.3.13}{\376\377\0004\000.\0006\000.\0003\000.\0001\0003\000\040\000i\000s\000E\000n\000d\000S\000e\000q\000C\000o\000r\000r\000e\000c\000t\000\050\000\051}{subsection.4.6.3}% 96
\BOOKMARK [3][-]{subsubsection.4.6.3.14}{\376\377\0004\000.\0006\000.\0003\000.\0001\0004\000\040\000i\000s\000E\000x\000p\000C\000o\000r\000r\000e\000c\000t\000\050\000\051}{subsection.4.6.3}% 97
\BOOKMARK [3][-]{subsubsection.4.6.3.15}{\376\377\0004\000.\0006\000.\0003\000.\0001\0005\000\040\000i\000s\000S\000t\000a\000r\000t\000S\000e\000q\000C\000o\000r\000r\000e\000c\000t\000\050\000\051}{subsection.4.6.3}% 98
\BOOKMARK [3][-]{subsubsection.4.6.3.16}{\376\377\0004\000.\0006\000.\0003\000.\0001\0006\000\040\000i\000s\000T\000r\000a\000m\000e\000S\000i\000z\000e\000C\000o\000r\000r\000e\000c\000t\000\050\000\051}{subsection.4.6.3}% 99
\BOOKMARK [3][-]{subsubsection.4.6.3.17}{\376\377\0004\000.\0006\000.\0003\000.\0001\0007\000\040\000i\000s\000X\000b\000e\000e\000R\000e\000s\000p\000o\000n\000d\000i\000n\000g\000\050\000\051}{subsection.4.6.3}% 100
\BOOKMARK [3][-]{subsubsection.4.6.3.18}{\376\377\0004\000.\0006\000.\0003\000.\0001\0008\000\040\000o\000p\000e\000n\000S\000e\000r\000i\000a\000l\000C\000o\000n\000n\000e\000c\000t\000i\000o\000n\000\050\000\051}{subsection.4.6.3}% 101
\BOOKMARK [3][-]{subsubsection.4.6.3.19}{\376\377\0004\000.\0006\000.\0003\000.\0001\0009\000\040\000p\000r\000i\000n\000t\000\050\000\051}{subsection.4.6.3}% 102
\BOOKMARK [3][-]{subsubsection.4.6.3.20}{\376\377\0004\000.\0006\000.\0003\000.\0002\0000\000\040\000p\000r\000o\000c\000e\000s\000s\000C\000o\000d\000e\000F\000c\000t\000\050\000\051}{subsection.4.6.3}% 103
\BOOKMARK [3][-]{subsubsection.4.6.3.21}{\376\377\0004\000.\0006\000.\0003\000.\0002\0001\000\040\000p\000r\000o\000c\000e\000s\000s\000T\000r\000a\000m\000e\000\050\000\051}{subsection.4.6.3}% 104
\BOOKMARK [3][-]{subsubsection.4.6.3.22}{\376\377\0004\000.\0006\000.\0003\000.\0002\0002\000\040\000r\000e\000a\000d\000A\000T\000R\000e\000s\000p\000o\000n\000s\000e\000\050\000\051}{subsection.4.6.3}% 105
\BOOKMARK [3][-]{subsubsection.4.6.3.23}{\376\377\0004\000.\0006\000.\0003\000.\0002\0003\000\040\000r\000e\000a\000d\000B\000u\000f\000f\000e\000r\000\050\000\051}{subsection.4.6.3}% 106
\BOOKMARK [3][-]{subsubsection.4.6.3.24}{\376\377\0004\000.\0006\000.\0003\000.\0002\0004\000\040\000r\000e\000a\000d\000S\000t\000r\000i\000n\000g\000\050\000\051}{subsection.4.6.3}% 107
\BOOKMARK [3][-]{subsubsection.4.6.3.25}{\376\377\0004\000.\0006\000.\0003\000.\0002\0005\000\040\000s\000e\000n\000d\000A\000T\000C\000o\000m\000m\000a\000n\000d\000\050\000\051}{subsection.4.6.3}% 108
\BOOKMARK [3][-]{subsubsection.4.6.3.26}{\376\377\0004\000.\0006\000.\0003\000.\0002\0006\000\040\000s\000e\000n\000d\000H\000e\000a\000r\000t\000b\000e\000a\000t\000\050\000\051}{subsection.4.6.3}% 109
\BOOKMARK [3][-]{subsubsection.4.6.3.27}{\376\377\0004\000.\0006\000.\0003\000.\0002\0007\000\040\000s\000e\000n\000d\000M\000s\000g\000\050\000\051}{subsection.4.6.3}% 110
\BOOKMARK [3][-]{subsubsection.4.6.3.28}{\376\377\0004\000.\0006\000.\0003\000.\0002\0008\000\040\000s\000e\000n\000d\000T\000r\000a\000m\000e\000\050\000\051}{subsection.4.6.3}% 111
\BOOKMARK [3][-]{subsubsection.4.6.3.29}{\376\377\0004\000.\0006\000.\0003\000.\0002\0009\000\040\000s\000l\000i\000c\000e\000\050\000\051}{subsection.4.6.3}% 112
\BOOKMARK [3][-]{subsubsection.4.6.3.30}{\376\377\0004\000.\0006\000.\0003\000.\0003\0000\000\040\000s\000t\000r\000i\000n\000g\000T\000o\000C\000h\000a\000r\000\050\000\051}{subsection.4.6.3}% 113
\BOOKMARK [3][-]{subsubsection.4.6.3.31}{\376\377\0004\000.\0006\000.\0003\000.\0003\0001\000\040\000s\000u\000b\000T\000r\000a\000m\000e\000\050\000\051}{subsection.4.6.3}% 114
\BOOKMARK [3][-]{subsubsection.4.6.3.32}{\376\377\0004\000.\0006\000.\0003\000.\0003\0002\000\040\000w\000a\000i\000t\000F\000o\000r\000A\000T\000r\000a\000m\000e\000\050\000\051}{subsection.4.6.3}% 115
\BOOKMARK [3][-]{subsubsection.4.6.3.33}{\376\377\0004\000.\0006\000.\0003\000.\0003\0003\000\040\000w\000r\000i\000t\000e\000A\000T\000C\000o\000n\000f\000i\000g\000\050\000\051}{subsection.4.6.3}% 116
\BOOKMARK [2][-]{subsection.4.6.4}{\376\377\0004\000.\0006\000.\0004\000\040\000D\000o\000c\000u\000m\000e\000n\000t\000a\000t\000i\000o\000n\000\040\000d\000e\000s\000\040\000d\000o\000n\000n\000\351\000e\000s\000\040\000m\000e\000m\000b\000r\000e\000s}{section.4.6}% 117
\BOOKMARK [3][-]{subsubsection.4.6.4.1}{\376\377\0004\000.\0006\000.\0004\000.\0001\000\040\000I\000D\000\137\000T\000R\000A\000M\000E}{subsection.4.6.4}% 118
\BOOKMARK [3][-]{subsubsection.4.6.4.2}{\376\377\0004\000.\0006\000.\0004\000.\0002\000\040\000M\000O\000D\000E}{subsection.4.6.4}% 119
\BOOKMARK [3][-]{subsubsection.4.6.4.3}{\376\377\0004\000.\0006\000.\0004\000.\0003\000\040\000t\000r\000a\000m\000e\000s\000\137\000e\000n\000v\000o\000y\000e\000e\000s}{subsection.4.6.4}% 120
\BOOKMARK [0][-]{chapter.5}{\376\377\0005\000\040\000D\000o\000c\000u\000m\000e\000n\000t\000a\000t\000i\000o\000n\000\040\000d\000e\000s\000\040\000f\000i\000c\000h\000i\000e\000r\000s}{}% 121
\BOOKMARK [1][-]{section.5.1}{\376\377\0005\000.\0001\000\040\000R\000\351\000f\000\351\000r\000e\000n\000c\000e\000\040\000d\000u\000\040\000f\000i\000c\000h\000i\000e\000r\000\040\000d\000e\000f\000i\000n\000e\000.\000h}{chapter.5}% 122
\BOOKMARK [2][-]{subsection.5.1.1}{\376\377\0005\000.\0001\000.\0001\000\040\000D\000e\000s\000c\000r\000i\000p\000t\000i\000o\000n\000\040\000d\000\351\000t\000a\000i\000l\000l\000\351\000e}{section.5.1}% 123
\BOOKMARK [2][-]{subsection.5.1.2}{\376\377\0005\000.\0001\000.\0002\000\040\000D\000o\000c\000u\000m\000e\000n\000t\000a\000t\000i\000o\000n\000\040\000d\000e\000s\000\040\000m\000a\000c\000r\000o\000s}{section.5.1}% 124
\BOOKMARK [3][-]{subsubsection.5.1.2.1}{\376\377\0005\000.\0001\000.\0002\000.\0001\000\040\000X\000B\000\137\000A\000D\000R\000\137\000B\000R\000O\000A\000D\000C\000A\000S\000T}{subsection.5.1.2}% 125
\BOOKMARK [3][-]{subsubsection.5.1.2.2}{\376\377\0005\000.\0001\000.\0002\000.\0002\000\040\000X\000B\000\137\000A\000D\000R\000\137\000C\000U\000R\000R\000E\000N\000T\000\137\000R\000O\000B\000O\000T}{subsection.5.1.2}% 126
\BOOKMARK [3][-]{subsubsection.5.1.2.3}{\376\377\0005\000.\0001\000.\0002\000.\0003\000\040\000X\000B\000\137\000A\000D\000R\000\137\000R\000O\000B\000O\000T\000\137\0000\0001}{subsection.5.1.2}% 127
\BOOKMARK [3][-]{subsubsection.5.1.2.4}{\376\377\0005\000.\0001\000.\0002\000.\0004\000\040\000X\000B\000\137\000A\000D\000R\000\137\000R\000O\000B\000O\000T\000\137\0000\0002}{subsection.5.1.2}% 128
\BOOKMARK [3][-]{subsubsection.5.1.2.5}{\376\377\0005\000.\0001\000.\0002\000.\0005\000\040\000X\000B\000\137\000A\000T\000\137\000C\000M\000D\000\137\0001\0006\000B\000I\000T\000\137\000S\000O\000U\000R\000C\000E\000\137\000A\000D\000D\000R}{subsection.5.1.2}% 129
\BOOKMARK [3][-]{subsubsection.5.1.2.6}{\376\377\0005\000.\0001\000.\0002\000.\0006\000\040\000X\000B\000\137\000A\000T\000\137\000C\000M\000D\000\137\000A\000E\000S}{subsection.5.1.2}% 130
\BOOKMARK [3][-]{subsubsection.5.1.2.7}{\376\377\0005\000.\0001\000.\0002\000.\0007\000\040\000X\000B\000\137\000A\000T\000\137\000C\000M\000D\000\137\000A\000E\000S\000\137\000K\000E\000Y}{subsection.5.1.2}% 131
\BOOKMARK [3][-]{subsubsection.5.1.2.8}{\376\377\0005\000.\0001\000.\0002\000.\0008\000\040\000X\000B\000\137\000A\000T\000\137\000C\000M\000D\000\137\000A\000P\000I}{subsection.5.1.2}% 132
\BOOKMARK [3][-]{subsubsection.5.1.2.9}{\376\377\0005\000.\0001\000.\0002\000.\0009\000\040\000X\000B\000\137\000A\000T\000\137\000C\000M\000D\000\137\000B\000A\000U\000D\000R\000A\000T\000E}{subsection.5.1.2}% 133
\BOOKMARK [3][-]{subsubsection.5.1.2.10}{\376\377\0005\000.\0001\000.\0002\000.\0001\0000\000\040\000X\000B\000\137\000A\000T\000\137\000C\000M\000D\000\137\000C\000H\000A\000N\000E\000L}{subsection.5.1.2}% 134
\BOOKMARK [3][-]{subsubsection.5.1.2.11}{\376\377\0005\000.\0001\000.\0002\000.\0001\0001\000\040\000X\000B\000\137\000A\000T\000\137\000C\000M\000D\000\137\000C\000O\000O\000R\000D\000I\000N\000A\000T\000O\000R}{subsection.5.1.2}% 135
\BOOKMARK [3][-]{subsubsection.5.1.2.12}{\376\377\0005\000.\0001\000.\0002\000.\0001\0002\000\040\000X\000B\000\137\000A\000T\000\137\000C\000M\000D\000\137\000D\000I\000S\000C\000O\000V\000E\000R\000\137\000N\000E\000T\000W\000O\000R\000K}{subsection.5.1.2}% 136
\BOOKMARK [3][-]{subsubsection.5.1.2.13}{\376\377\0005\000.\0001\000.\0002\000.\0001\0003\000\040\000X\000B\000\137\000A\000T\000\137\000C\000M\000D\000\137\000E\000N\000T\000E\000R}{subsection.5.1.2}% 137
\BOOKMARK [3][-]{subsubsection.5.1.2.14}{\376\377\0005\000.\0001\000.\0002\000.\0001\0004\000\040\000X\000B\000\137\000A\000T\000\137\000C\000M\000D\000\137\000E\000X\000I\000T}{subsection.5.1.2}% 138
\BOOKMARK [3][-]{subsubsection.5.1.2.15}{\376\377\0005\000.\0001\000.\0002\000.\0001\0005\000\040\000X\000B\000\137\000A\000T\000\137\000C\000M\000D\000\137\000L\000O\000W\000\137\000D\000E\000S\000T\000\137\000A\000D\000D\000R}{subsection.5.1.2}% 139
\BOOKMARK [3][-]{subsubsection.5.1.2.16}{\376\377\0005\000.\0001\000.\0002\000.\0001\0006\000\040\000X\000B\000\137\000A\000T\000\137\000C\000M\000D\000\137\000P\000A\000N\000\137\000I\000D}{subsection.5.1.2}% 140
\BOOKMARK [3][-]{subsubsection.5.1.2.17}{\376\377\0005\000.\0001\000.\0002\000.\0001\0007\000\040\000X\000B\000\137\000A\000T\000\137\000C\000M\000D\000\137\000P\000A\000R\000I\000T\000Y}{subsection.5.1.2}% 141
\BOOKMARK [3][-]{subsubsection.5.1.2.18}{\376\377\0005\000.\0001\000.\0002\000.\0001\0008\000\040\000X\000B\000\137\000A\000T\000\137\000C\000M\000D\000\137\000W\000R\000I\000T\000E\000\137\000C\000O\000N\000F\000I\000G}{subsection.5.1.2}% 142
\BOOKMARK [3][-]{subsubsection.5.1.2.19}{\376\377\0005\000.\0001\000.\0002\000.\0001\0009\000\040\000X\000B\000\137\000A\000T\000\137\000E\000\137\0001\0006\000B\000I\000T\000\137\000S\000O\000U\000R\000C\000E\000\137\000A\000D\000D\000R}{subsection.5.1.2}% 143
\BOOKMARK [3][-]{subsubsection.5.1.2.20}{\376\377\0005\000.\0001\000.\0002\000.\0002\0000\000\040\000X\000B\000\137\000A\000T\000\137\000E\000\137\000A\000E\000S}{subsection.5.1.2}% 144
\BOOKMARK [3][-]{subsubsection.5.1.2.21}{\376\377\0005\000.\0001\000.\0002\000.\0002\0001\000\040\000X\000B\000\137\000A\000T\000\137\000E\000\137\000A\000E\000S\000\137\000K\000E\000Y}{subsection.5.1.2}% 145
\BOOKMARK [3][-]{subsubsection.5.1.2.22}{\376\377\0005\000.\0001\000.\0002\000.\0002\0002\000\040\000X\000B\000\137\000A\000T\000\137\000E\000\137\000A\000P\000I}{subsection.5.1.2}% 146
\BOOKMARK [3][-]{subsubsection.5.1.2.23}{\376\377\0005\000.\0001\000.\0002\000.\0002\0003\000\040\000X\000B\000\137\000A\000T\000\137\000E\000\137\000B\000A\000U\000D\000R\000A\000T\000E}{subsection.5.1.2}% 147
\BOOKMARK [3][-]{subsubsection.5.1.2.24}{\376\377\0005\000.\0001\000.\0002\000.\0002\0004\000\040\000X\000B\000\137\000A\000T\000\137\000E\000\137\000C\000H\000A\000N\000E\000L}{subsection.5.1.2}% 148
\BOOKMARK [3][-]{subsubsection.5.1.2.25}{\376\377\0005\000.\0001\000.\0002\000.\0002\0005\000\040\000X\000B\000\137\000A\000T\000\137\000E\000\137\000C\000O\000O\000R\000D\000I\000N\000A\000T\000O\000R}{subsection.5.1.2}% 149
\BOOKMARK [3][-]{subsubsection.5.1.2.26}{\376\377\0005\000.\0001\000.\0002\000.\0002\0006\000\040\000X\000B\000\137\000A\000T\000\137\000E\000\137\000D\000I\000S\000C\000O\000V\000E\000R\000\137\000N\000E\000T\000W\000O\000R\000K}{subsection.5.1.2}% 150
\BOOKMARK [3][-]{subsubsection.5.1.2.27}{\376\377\0005\000.\0001\000.\0002\000.\0002\0007\000\040\000X\000B\000\137\000A\000T\000\137\000E\000\137\000E\000N\000T\000E\000R}{subsection.5.1.2}% 151
\BOOKMARK [3][-]{subsubsection.5.1.2.28}{\376\377\0005\000.\0001\000.\0002\000.\0002\0008\000\040\000X\000B\000\137\000A\000T\000\137\000E\000\137\000E\000X\000I\000T}{subsection.5.1.2}% 152
\BOOKMARK [3][-]{subsubsection.5.1.2.29}{\376\377\0005\000.\0001\000.\0002\000.\0002\0009\000\040\000X\000B\000\137\000A\000T\000\137\000E\000\137\000L\000O\000W\000\137\000D\000E\000S\000T\000\137\000A\000D\000D\000R}{subsection.5.1.2}% 153
\BOOKMARK [3][-]{subsubsection.5.1.2.30}{\376\377\0005\000.\0001\000.\0002\000.\0003\0000\000\040\000X\000B\000\137\000A\000T\000\137\000E\000\137\000P\000A\000N\000\137\000I\000D}{subsection.5.1.2}% 154
\BOOKMARK [3][-]{subsubsection.5.1.2.31}{\376\377\0005\000.\0001\000.\0002\000.\0003\0001\000\040\000X\000B\000\137\000A\000T\000\137\000E\000\137\000P\000A\000R\000I\000T\000Y}{subsection.5.1.2}% 155
\BOOKMARK [3][-]{subsubsection.5.1.2.32}{\376\377\0005\000.\0001\000.\0002\000.\0003\0002\000\040\000X\000B\000\137\000A\000T\000\137\000E\000\137\000S\000U\000C\000C\000E\000S\000S}{subsection.5.1.2}% 156
\BOOKMARK [3][-]{subsubsection.5.1.2.33}{\376\377\0005\000.\0001\000.\0002\000.\0003\0003\000\040\000X\000B\000\137\000A\000T\000\137\000E\000\137\000W\000R\000I\000T\000E\000\137\000C\000O\000N\000F\000I\000G}{subsection.5.1.2}% 157
\BOOKMARK [3][-]{subsubsection.5.1.2.34}{\376\377\0005\000.\0001\000.\0002\000.\0003\0004\000\040\000X\000B\000\137\000A\000T\000\137\000M\000\137\000G\000E\000T}{subsection.5.1.2}% 158
\BOOKMARK [3][-]{subsubsection.5.1.2.35}{\376\377\0005\000.\0001\000.\0002\000.\0003\0005\000\040\000X\000B\000\137\000A\000T\000\137\000M\000\137\000S\000E\000T}{subsection.5.1.2}% 159
\BOOKMARK [3][-]{subsubsection.5.1.2.36}{\376\377\0005\000.\0001\000.\0002\000.\0003\0006\000\040\000X\000B\000\137\000A\000T\000\137\000R\000\137\000E\000M\000P\000T\000Y}{subsection.5.1.2}% 160
\BOOKMARK [3][-]{subsubsection.5.1.2.37}{\376\377\0005\000.\0001\000.\0002\000.\0003\0007\000\040\000X\000B\000\137\000A\000T\000\137\000R\000\137\000E\000R\000R\000O\000R}{subsection.5.1.2}% 161
\BOOKMARK [3][-]{subsubsection.5.1.2.38}{\376\377\0005\000.\0001\000.\0002\000.\0003\0008\000\040\000X\000B\000\137\000A\000T\000\137\000R\000\137\000S\000U\000C\000C\000E\000S\000S}{subsection.5.1.2}% 162
\BOOKMARK [3][-]{subsubsection.5.1.2.39}{\376\377\0005\000.\0001\000.\0002\000.\0003\0009\000\040\000X\000B\000\137\000A\000T\000\137\000V\000\137\0001\0006\000B\000I\000T\000\137\000S\000O\000U\000R\000C\000E\000\137\000A\000D\000D\000R}{subsection.5.1.2}% 163
\BOOKMARK [3][-]{subsubsection.5.1.2.40}{\376\377\0005\000.\0001\000.\0002\000.\0004\0000\000\040\000X\000B\000\137\000A\000T\000\137\000V\000\137\000A\000E\000S}{subsection.5.1.2}% 164
\BOOKMARK [3][-]{subsubsection.5.1.2.41}{\376\377\0005\000.\0001\000.\0002\000.\0004\0001\000\040\000X\000B\000\137\000A\000T\000\137\000V\000\137\000A\000E\000S\000\137\000K\000E\000Y}{subsection.5.1.2}% 165
\BOOKMARK [3][-]{subsubsection.5.1.2.42}{\376\377\0005\000.\0001\000.\0002\000.\0004\0002\000\040\000X\000B\000\137\000A\000T\000\137\000V\000\137\000A\000P\000I}{subsection.5.1.2}% 166
\BOOKMARK [3][-]{subsubsection.5.1.2.43}{\376\377\0005\000.\0001\000.\0002\000.\0004\0003\000\040\000X\000B\000\137\000A\000T\000\137\000V\000\137\000B\000A\000U\000D\000R\000A\000T\000E}{subsection.5.1.2}% 167
\BOOKMARK [3][-]{subsubsection.5.1.2.44}{\376\377\0005\000.\0001\000.\0002\000.\0004\0004\000\040\000X\000B\000\137\000A\000T\000\137\000V\000\137\000C\000H\000A\000N\000E\000L}{subsection.5.1.2}% 168
\BOOKMARK [3][-]{subsubsection.5.1.2.45}{\376\377\0005\000.\0001\000.\0002\000.\0004\0005\000\040\000X\000B\000\137\000A\000T\000\137\000V\000\137\000C\000O\000O\000R\000D\000I\000N\000A\000T\000O\000R}{subsection.5.1.2}% 169
\BOOKMARK [3][-]{subsubsection.5.1.2.46}{\376\377\0005\000.\0001\000.\0002\000.\0004\0006\000\040\000X\000B\000\137\000A\000T\000\137\000V\000\137\000D\000I\000S\000C\000O\000V\000E\000R\000\137\000N\000E\000T\000W\000O\000R\000K}{subsection.5.1.2}% 170
\BOOKMARK [3][-]{subsubsection.5.1.2.47}{\376\377\0005\000.\0001\000.\0002\000.\0004\0007\000\040\000X\000B\000\137\000A\000T\000\137\000V\000\137\000E\000N\000D\000\137\000L\000I\000N\000E}{subsection.5.1.2}% 171
\BOOKMARK [3][-]{subsubsection.5.1.2.48}{\376\377\0005\000.\0001\000.\0002\000.\0004\0008\000\040\000X\000B\000\137\000A\000T\000\137\000V\000\137\000L\000O\000W\000\137\000D\000E\000S\000T\000\137\000A\000D\000D\000R}{subsection.5.1.2}% 172
\BOOKMARK [3][-]{subsubsection.5.1.2.49}{\376\377\0005\000.\0001\000.\0002\000.\0004\0009\000\040\000X\000B\000\137\000A\000T\000\137\000V\000\137\000P\000A\000N\000\137\000I\000D}{subsection.5.1.2}% 173
\BOOKMARK [3][-]{subsubsection.5.1.2.50}{\376\377\0005\000.\0001\000.\0002\000.\0005\0000\000\040\000X\000B\000\137\000A\000T\000\137\000V\000\137\000P\000A\000R\000I\000T\000Y}{subsection.5.1.2}% 174
\BOOKMARK [3][-]{subsubsection.5.1.2.51}{\376\377\0005\000.\0001\000.\0002\000.\0005\0001\000\040\000X\000B\000\137\000B\000A\000U\000D\000R\000A\000T\000E\000\137\000D\000E\000F\000A\000U\000L\000T}{subsection.5.1.2}% 175
\BOOKMARK [3][-]{subsubsection.5.1.2.52}{\376\377\0005\000.\0001\000.\0002\000.\0005\0002\000\040\000X\000B\000\137\000B\000A\000U\000D\000R\000A\000T\000E\000\137\000P\000R\000I\000M\000A\000R\000Y}{subsection.5.1.2}% 176
\BOOKMARK [3][-]{subsubsection.5.1.2.53}{\376\377\0005\000.\0001\000.\0002\000.\0005\0003\000\040\000X\000B\000\137\000D\000A\000T\000A\000B\000I\000T\000S\000\137\000D\000E\000F\000A\000U\000L\000T}{subsection.5.1.2}% 177
\BOOKMARK [3][-]{subsubsection.5.1.2.54}{\376\377\0005\000.\0001\000.\0002\000.\0005\0004\000\040\000X\000B\000\137\000D\000A\000T\000A\000B\000I\000T\000S\000\137\000P\000R\000I\000M\000A\000R\000Y}{subsection.5.1.2}% 178
\BOOKMARK [3][-]{subsubsection.5.1.2.55}{\376\377\0005\000.\0001\000.\0002\000.\0005\0005\000\040\000X\000B\000\137\000E\000\137\000S\000U\000C\000C\000E\000S\000S}{subsection.5.1.2}% 179
\BOOKMARK [3][-]{subsubsection.5.1.2.56}{\376\377\0005\000.\0001\000.\0002\000.\0005\0006\000\040\000X\000B\000\137\000F\000C\000T\000\137\000E\000\137\000N\000O\000N\000E\000\137\000R\000E\000A\000C\000H\000A\000B\000L\000E}{subsection.5.1.2}% 180
\BOOKMARK [3][-]{subsubsection.5.1.2.57}{\376\377\0005\000.\0001\000.\0002\000.\0005\0007\000\040\000X\000B\000\137\000F\000C\000T\000\137\000E\000\137\000N\000O\000T\000\137\000F\000O\000U\000N\000D}{subsection.5.1.2}% 181
\BOOKMARK [3][-]{subsubsection.5.1.2.58}{\376\377\0005\000.\0001\000.\0002\000.\0005\0008\000\040\000X\000B\000\137\000F\000C\000T\000\137\000E\000\137\000S\000U\000C\000C\000E\000S\000S}{subsection.5.1.2}% 182
\BOOKMARK [3][-]{subsubsection.5.1.2.59}{\376\377\0005\000.\0001\000.\0002\000.\0005\0009\000\040\000X\000B\000\137\000F\000C\000T\000\137\000T\000E\000S\000T\000\137\000A\000L\000I\000V\000E}{subsection.5.1.2}% 183
\BOOKMARK [3][-]{subsubsection.5.1.2.60}{\376\377\0005\000.\0001\000.\0002\000.\0006\0000\000\040\000X\000B\000\137\000L\000I\000S\000T\000\137\000A\000D\000R}{subsection.5.1.2}% 184
\BOOKMARK [3][-]{subsubsection.5.1.2.61}{\376\377\0005\000.\0001\000.\0002\000.\0006\0001\000\040\000X\000B\000\137\000L\000I\000S\000T\000\137\000C\000O\000D\000E\000\137\000F\000C\000T}{subsection.5.1.2}% 185
\BOOKMARK [3][-]{subsubsection.5.1.2.62}{\376\377\0005\000.\0001\000.\0002\000.\0006\0002\000\040\000X\000B\000\137\000P\000A\000R\000I\000T\000Y\000\137\000D\000E\000F\000A\000U\000L\000T}{subsection.5.1.2}% 186
\BOOKMARK [3][-]{subsubsection.5.1.2.63}{\376\377\0005\000.\0001\000.\0002\000.\0006\0003\000\040\000X\000B\000\137\000P\000A\000R\000I\000T\000Y\000\137\000P\000R\000I\000M\000A\000R\000Y}{subsection.5.1.2}% 187
\BOOKMARK [3][-]{subsubsection.5.1.2.64}{\376\377\0005\000.\0001\000.\0002\000.\0006\0004\000\040\000X\000B\000\137\000S\000E\000R\000\137\000E\000\137\000C\000O\000N\000F\000I\000G}{subsection.5.1.2}% 188
\BOOKMARK [3][-]{subsubsection.5.1.2.65}{\376\377\0005\000.\0001\000.\0002\000.\0006\0005\000\040\000X\000B\000\137\000S\000E\000R\000\137\000E\000\137\000N\000O\000T\000\137\000F\000O\000U\000N\000D}{subsection.5.1.2}% 189
\BOOKMARK [3][-]{subsubsection.5.1.2.66}{\376\377\0005\000.\0001\000.\0002\000.\0006\0006\000\040\000X\000B\000\137\000S\000E\000R\000\137\000E\000\137\000O\000P\000E\000N}{subsection.5.1.2}% 190
\BOOKMARK [3][-]{subsubsection.5.1.2.67}{\376\377\0005\000.\0001\000.\0002\000.\0006\0007\000\040\000X\000B\000\137\000S\000E\000R\000\137\000E\000\137\000P\000A\000R\000A\000M}{subsection.5.1.2}% 191
\BOOKMARK [3][-]{subsubsection.5.1.2.68}{\376\377\0005\000.\0001\000.\0002\000.\0006\0008\000\040\000X\000B\000\137\000S\000E\000R\000\137\000E\000\137\000S\000U\000C\000C\000E\000S\000S}{subsection.5.1.2}% 192
\BOOKMARK [3][-]{subsubsection.5.1.2.69}{\376\377\0005\000.\0001\000.\0002\000.\0006\0009\000\040\000X\000B\000\137\000S\000E\000R\000\137\000E\000\137\000T\000I\000M\000O\000U\000T}{subsection.5.1.2}% 193
\BOOKMARK [3][-]{subsubsection.5.1.2.70}{\376\377\0005\000.\0001\000.\0002\000.\0007\0000\000\040\000X\000B\000\137\000S\000E\000R\000\137\000E\000\137\000U\000K\000N\000\137\000B\000A\000U\000D\000R\000A\000T\000E}{subsection.5.1.2}% 194
\BOOKMARK [3][-]{subsubsection.5.1.2.71}{\376\377\0005\000.\0001\000.\0002\000.\0007\0001\000\040\000X\000B\000\137\000S\000E\000R\000\137\000E\000\137\000U\000K\000N\000\137\000D\000A\000T\000A\000B\000I\000T\000S}{subsection.5.1.2}% 195
\BOOKMARK [3][-]{subsubsection.5.1.2.72}{\376\377\0005\000.\0001\000.\0002\000.\0007\0002\000\040\000X\000B\000\137\000S\000E\000R\000\137\000E\000\137\000U\000K\000N\000\137\000P\000A\000R\000I\000T\000Y}{subsection.5.1.2}% 196
\BOOKMARK [3][-]{subsubsection.5.1.2.73}{\376\377\0005\000.\0001\000.\0002\000.\0007\0003\000\040\000X\000B\000\137\000S\000E\000R\000\137\000E\000\137\000U\000K\000N\000\137\000S\000T\000O\000P\000B\000I\000T\000S}{subsection.5.1.2}% 197
\BOOKMARK [3][-]{subsubsection.5.1.2.74}{\376\377\0005\000.\0001\000.\0002\000.\0007\0004\000\040\000X\000B\000\137\000S\000E\000R\000I\000A\000L\000\137\000P\000O\000R\000T\000\137\000D\000E\000F\000A\000U\000L\000T}{subsection.5.1.2}% 198
\BOOKMARK [3][-]{subsubsection.5.1.2.75}{\376\377\0005\000.\0001\000.\0002\000.\0007\0005\000\040\000X\000B\000\137\000S\000E\000R\000I\000A\000L\000\137\000P\000O\000R\000T\000\137\000P\000R\000I\000M\000A\000R\000Y}{subsection.5.1.2}% 199
\BOOKMARK [3][-]{subsubsection.5.1.2.76}{\376\377\0005\000.\0001\000.\0002\000.\0007\0006\000\040\000X\000B\000\137\000S\000T\000O\000P\000B\000I\000T\000S\000\137\000D\000E\000F\000A\000U\000L\000T}{subsection.5.1.2}% 200
\BOOKMARK [3][-]{subsubsection.5.1.2.77}{\376\377\0005\000.\0001\000.\0002\000.\0007\0007\000\040\000X\000B\000\137\000S\000T\000O\000P\000B\000I\000T\000S\000\137\000P\000R\000I\000M\000A\000R\000Y}{subsection.5.1.2}% 201
\BOOKMARK [3][-]{subsubsection.5.1.2.78}{\376\377\0005\000.\0001\000.\0002\000.\0007\0008\000\040\000X\000B\000\137\000S\000U\000B\000\137\000T\000R\000A\000M\000E\000\137\000E\000\137\000D\000E\000C\000O\000U\000P\000A\000G\000E}{subsection.5.1.2}% 202
\BOOKMARK [3][-]{subsubsection.5.1.2.79}{\376\377\0005\000.\0001\000.\0002\000.\0007\0009\000\040\000X\000B\000\137\000S\000U\000B\000\137\000T\000R\000A\000M\000E\000\137\000E\000\137\000E\000N\000D}{subsection.5.1.2}% 203
\BOOKMARK [3][-]{subsubsection.5.1.2.80}{\376\377\0005\000.\0001\000.\0002\000.\0008\0000\000\040\000X\000B\000\137\000S\000U\000B\000\137\000T\000R\000A\000M\000E\000\137\000E\000\137\000N\000U\000L\000L}{subsection.5.1.2}% 204
\BOOKMARK [3][-]{subsubsection.5.1.2.81}{\376\377\0005\000.\0001\000.\0002\000.\0008\0001\000\040\000X\000B\000\137\000S\000U\000B\000\137\000T\000R\000A\000M\000E\000\137\000E\000\137\000R\000E\000P\000A\000R\000T\000I\000T\000I\000O\000N}{subsection.5.1.2}% 205
\BOOKMARK [3][-]{subsubsection.5.1.2.82}{\376\377\0005\000.\0001\000.\0002\000.\0008\0002\000\040\000X\000B\000\137\000S\000U\000B\000\137\000T\000R\000A\000M\000E\000\137\000E\000\137\000S\000I\000Z\000E}{subsection.5.1.2}% 206
\BOOKMARK [3][-]{subsubsection.5.1.2.83}{\376\377\0005\000.\0001\000.\0002\000.\0008\0003\000\040\000X\000B\000\137\000S\000U\000B\000\137\000T\000R\000A\000M\000E\000\137\000E\000\137\000S\000T\000A\000R\000T}{subsection.5.1.2}% 207
\BOOKMARK [3][-]{subsubsection.5.1.2.84}{\376\377\0005\000.\0001\000.\0002\000.\0008\0004\000\040\000X\000B\000\137\000S\000U\000B\000\137\000T\000R\000A\000M\000E\000\137\000E\000\137\000S\000U\000C\000C\000E\000S\000S}{subsection.5.1.2}% 208
\BOOKMARK [3][-]{subsubsection.5.1.2.85}{\376\377\0005\000.\0001\000.\0002\000.\0008\0005\000\040\000X\000B\000\137\000T\000R\000A\000M\000E\000\137\000E\000\137\000C\000R\000C}{subsection.5.1.2}% 209
\BOOKMARK [3][-]{subsubsection.5.1.2.86}{\376\377\0005\000.\0001\000.\0002\000.\0008\0006\000\040\000X\000B\000\137\000T\000R\000A\000M\000E\000\137\000E\000\137\000D\000E\000S\000T}{subsection.5.1.2}% 210
\BOOKMARK [3][-]{subsubsection.5.1.2.87}{\376\377\0005\000.\0001\000.\0002\000.\0008\0007\000\040\000X\000B\000\137\000T\000R\000A\000M\000E\000\137\000E\000\137\000E\000N\000D}{subsection.5.1.2}% 211
\BOOKMARK [3][-]{subsubsection.5.1.2.88}{\376\377\0005\000.\0001\000.\0002\000.\0008\0008\000\040\000X\000B\000\137\000T\000R\000A\000M\000E\000\137\000E\000\137\000E\000X\000P}{subsection.5.1.2}% 212
\BOOKMARK [3][-]{subsubsection.5.1.2.89}{\376\377\0005\000.\0001\000.\0002\000.\0008\0009\000\040\000X\000B\000\137\000T\000R\000A\000M\000E\000\137\000E\000\137\000S\000I\000Z\000E}{subsection.5.1.2}% 213
\BOOKMARK [3][-]{subsubsection.5.1.2.90}{\376\377\0005\000.\0001\000.\0002\000.\0009\0000\000\040\000X\000B\000\137\000T\000R\000A\000M\000E\000\137\000E\000\137\000S\000T\000A\000R\000T}{subsection.5.1.2}% 214
\BOOKMARK [3][-]{subsubsection.5.1.2.91}{\376\377\0005\000.\0001\000.\0002\000.\0009\0001\000\040\000X\000B\000\137\000T\000R\000A\000M\000E\000\137\000E\000\137\000S\000U\000C\000C\000E\000S\000S}{subsection.5.1.2}% 215
\BOOKMARK [3][-]{subsubsection.5.1.2.92}{\376\377\0005\000.\0001\000.\0002\000.\0009\0002\000\040\000X\000B\000\137\000V\000\137\000A\000C\000K}{subsection.5.1.2}% 216
\BOOKMARK [3][-]{subsubsection.5.1.2.93}{\376\377\0005\000.\0001\000.\0002\000.\0009\0003\000\040\000X\000B\000\137\000V\000\137\000E\000N\000D}{subsection.5.1.2}% 217
\BOOKMARK [3][-]{subsubsection.5.1.2.94}{\376\377\0005\000.\0001\000.\0002\000.\0009\0004\000\040\000X\000B\000\137\000V\000\137\000N\000A\000C\000K}{subsection.5.1.2}% 218
\BOOKMARK [3][-]{subsubsection.5.1.2.95}{\376\377\0005\000.\0001\000.\0002\000.\0009\0005\000\040\000X\000B\000\137\000V\000\137\000S\000T\000A\000R\000T}{subsection.5.1.2}% 219
\BOOKMARK [1][-]{section.5.2}{\376\377\0005\000.\0002\000\040\000d\000e\000f\000i\000n\000e\000.\000h}{chapter.5}% 220
\BOOKMARK [1][-]{section.5.3}{\376\377\0005\000.\0003\000\040\000R\000\351\000f\000\351\000r\000e\000n\000c\000e\000\040\000d\000u\000\040\000f\000i\000c\000h\000i\000e\000r\000\040\000l\000o\000g\000l\000i\000b\000.\000c\000p\000p}{chapter.5}% 221
\BOOKMARK [2][-]{subsection.5.3.1}{\376\377\0005\000.\0003\000.\0001\000\040\000D\000o\000c\000u\000m\000e\000n\000t\000a\000t\000i\000o\000n\000\040\000d\000e\000s\000\040\000f\000o\000n\000c\000t\000i\000o\000n\000s}{section.5.3}% 222
\BOOKMARK [3][-]{subsubsection.5.3.1.1}{\376\377\0005\000.\0003\000.\0001\000.\0001\000\040\000o\000p\000e\000r\000a\000t\000o\000r\000<\000<\000\050\000\051}{subsection.5.3.1}% 223
\BOOKMARK [3][-]{subsubsection.5.3.1.2}{\376\377\0005\000.\0003\000.\0001\000.\0002\000\040\000s\000t\000r\000i\000n\000g\000T\000o\000C\000h\000a\000r\000\050\000\051}{subsection.5.3.1}% 224
\BOOKMARK [1][-]{section.5.4}{\376\377\0005\000.\0004\000\040\000l\000o\000g\000l\000i\000b\000.\000c\000p\000p}{chapter.5}% 225
\BOOKMARK [1][-]{section.5.5}{\376\377\0005\000.\0005\000\040\000R\000\351\000f\000\351\000r\000e\000n\000c\000e\000\040\000d\000u\000\040\000f\000i\000c\000h\000i\000e\000r\000\040\000l\000o\000g\000l\000i\000b\000.\000h}{chapter.5}% 226
\BOOKMARK [2][-]{subsection.5.5.1}{\376\377\0005\000.\0005\000.\0001\000\040\000D\000o\000c\000u\000m\000e\000n\000t\000a\000t\000i\000o\000n\000\040\000d\000e\000s\000\040\000f\000o\000n\000c\000t\000i\000o\000n\000s}{section.5.5}% 227
\BOOKMARK [3][-]{subsubsection.5.5.1.1}{\376\377\0005\000.\0005\000.\0001\000.\0001\000\040\000o\000p\000e\000r\000a\000t\000o\000r\000<\000<\000\050\000\051}{subsection.5.5.1}% 228
\BOOKMARK [3][-]{subsubsection.5.5.1.2}{\376\377\0005\000.\0005\000.\0001\000.\0002\000\040\000s\000t\000r\000i\000n\000g\000T\000o\000C\000h\000a\000r\000\050\000\051}{subsection.5.5.1}% 229
\BOOKMARK [2][-]{subsection.5.5.2}{\376\377\0005\000.\0005\000.\0002\000\040\000D\000o\000c\000u\000m\000e\000n\000t\000a\000t\000i\000o\000n\000\040\000d\000e\000s\000\040\000v\000a\000r\000i\000a\000b\000l\000e\000s}{section.5.5}% 230
\BOOKMARK [3][-]{subsubsection.5.5.2.1}{\376\377\0005\000.\0005\000.\0002\000.\0001\000\040\000m\000e\000n\000d\000l}{subsection.5.5.2}% 231
\BOOKMARK [1][-]{section.5.6}{\376\377\0005\000.\0006\000\040\000l\000o\000g\000l\000i\000b\000.\000h}{chapter.5}% 232
\BOOKMARK [1][-]{section.5.7}{\376\377\0005\000.\0007\000\040\000R\000\351\000f\000\351\000r\000e\000n\000c\000e\000\040\000d\000u\000\040\000f\000i\000c\000h\000i\000e\000r\000\040\000m\000a\000i\000n\000.\000c\000p\000p}{chapter.5}% 233
\BOOKMARK [2][-]{subsection.5.7.1}{\376\377\0005\000.\0007\000.\0001\000\040\000D\000o\000c\000u\000m\000e\000n\000t\000a\000t\000i\000o\000n\000\040\000d\000e\000s\000\040\000f\000o\000n\000c\000t\000i\000o\000n\000s}{section.5.7}% 234
\BOOKMARK [3][-]{subsubsection.5.7.1.1}{\376\377\0005\000.\0007\000.\0001\000.\0001\000\040\000m\000a\000i\000n\000\050\000\051}{subsection.5.7.1}% 235
\BOOKMARK [1][-]{section.5.8}{\376\377\0005\000.\0008\000\040\000m\000a\000i\000n\000.\000c\000p\000p}{chapter.5}% 236
\BOOKMARK [1][-]{section.5.9}{\376\377\0005\000.\0009\000\040\000R\000\351\000f\000\351\000r\000e\000n\000c\000e\000\040\000d\000u\000\040\000f\000i\000c\000h\000i\000e\000r\000\040\000s\000e\000r\000i\000a\000l\000i\000b\000.\000c\000p\000p}{chapter.5}% 237
\BOOKMARK [2][-]{subsection.5.9.1}{\376\377\0005\000.\0009\000.\0001\000\040\000D\000e\000s\000c\000r\000i\000p\000t\000i\000o\000n\000\040\000d\000\351\000t\000a\000i\000l\000l\000\351\000e}{section.5.9}% 238
\BOOKMARK [1][-]{section.5.10}{\376\377\0005\000.\0001\0000\000\040\000s\000e\000r\000i\000a\000l\000i\000b\000.\000c\000p\000p}{chapter.5}% 239
\BOOKMARK [1][-]{section.5.11}{\376\377\0005\000.\0001\0001\000\040\000R\000\351\000f\000\351\000r\000e\000n\000c\000e\000\040\000d\000u\000\040\000f\000i\000c\000h\000i\000e\000r\000\040\000s\000e\000r\000i\000a\000l\000i\000b\000.\000h}{chapter.5}% 240
\BOOKMARK [2][-]{subsection.5.11.1}{\376\377\0005\000.\0001\0001\000.\0001\000\040\000D\000e\000s\000c\000r\000i\000p\000t\000i\000o\000n\000\040\000d\000\351\000t\000a\000i\000l\000l\000\351\000e}{section.5.11}% 241
\BOOKMARK [2][-]{subsection.5.11.2}{\376\377\0005\000.\0001\0001\000.\0002\000\040\000D\000o\000c\000u\000m\000e\000n\000t\000a\000t\000i\000o\000n\000\040\000d\000e\000s\000\040\000m\000a\000c\000r\000o\000s}{section.5.11}% 242
\BOOKMARK [3][-]{subsubsection.5.11.2.1}{\376\377\0005\000.\0001\0001\000.\0002\000.\0001\000\040\000U\000N\000U\000S\000E\000D}{subsection.5.11.2}% 243
\BOOKMARK [2][-]{subsection.5.11.3}{\376\377\0005\000.\0001\0001\000.\0003\000\040\000D\000o\000c\000u\000m\000e\000n\000t\000a\000t\000i\000o\000n\000\040\000d\000u\000\040\000t\000y\000p\000e\000\040\000d\000e\000\040\000l\000\047\000\351\000n\000u\000m\000\351\000r\000a\000t\000i\000o\000n}{section.5.11}% 244
\BOOKMARK [3][-]{subsubsection.5.11.3.1}{\376\377\0005\000.\0001\0001\000.\0003\000.\0001\000\040\000S\000e\000r\000i\000a\000l\000D\000a\000t\000a\000B\000i\000t\000s}{subsection.5.11.3}% 245
\BOOKMARK [3][-]{subsubsection.5.11.3.2}{\376\377\0005\000.\0001\0001\000.\0003\000.\0002\000\040\000S\000e\000r\000i\000a\000l\000P\000a\000r\000i\000t\000y}{subsection.5.11.3}% 246
\BOOKMARK [3][-]{subsubsection.5.11.3.3}{\376\377\0005\000.\0001\0001\000.\0003\000.\0003\000\040\000S\000e\000r\000i\000a\000l\000S\000t\000o\000p\000B\000i\000t\000s}{subsection.5.11.3}% 247
\BOOKMARK [1][-]{section.5.12}{\376\377\0005\000.\0001\0002\000\040\000s\000e\000r\000i\000a\000l\000i\000b\000.\000h}{chapter.5}% 248
\BOOKMARK [1][-]{section.5.13}{\376\377\0005\000.\0001\0003\000\040\000R\000\351\000f\000\351\000r\000e\000n\000c\000e\000\040\000d\000u\000\040\000f\000i\000c\000h\000i\000e\000r\000\040\000x\000b\000e\000e\000l\000i\000b\000.\000c\000p\000p}{chapter.5}% 249
\BOOKMARK [2][-]{subsection.5.13.1}{\376\377\0005\000.\0001\0003\000.\0001\000\040\000D\000e\000s\000c\000r\000i\000p\000t\000i\000o\000n\000\040\000d\000\351\000t\000a\000i\000l\000l\000\351\000e}{section.5.13}% 250
\BOOKMARK [2][-]{subsection.5.13.2}{\376\377\0005\000.\0001\0003\000.\0002\000\040\000D\000o\000c\000u\000m\000e\000n\000t\000a\000t\000i\000o\000n\000\040\000d\000e\000s\000\040\000v\000a\000r\000i\000a\000b\000l\000e\000s}{section.5.13}% 251
\BOOKMARK [3][-]{subsubsection.5.13.2.1}{\376\377\0005\000.\0001\0003\000.\0002\000.\0001\000\040\000l\000o\000g\000X\000b\000e\000e}{subsection.5.13.2}% 252
\BOOKMARK [3][-]{subsubsection.5.13.2.2}{\376\377\0005\000.\0001\0003\000.\0002\000.\0002\000\040\000s\000e\000r\000i\000a\000l}{subsection.5.13.2}% 253
\BOOKMARK [1][-]{section.5.14}{\376\377\0005\000.\0001\0004\000\040\000x\000b\000e\000e\000l\000i\000b\000.\000c\000p\000p}{chapter.5}% 254
\BOOKMARK [1][-]{section.5.15}{\376\377\0005\000.\0001\0005\000\040\000R\000\351\000f\000\351\000r\000e\000n\000c\000e\000\040\000d\000u\000\040\000f\000i\000c\000h\000i\000e\000r\000\040\000x\000b\000e\000e\000l\000i\000b\000.\000h}{chapter.5}% 255
\BOOKMARK [2][-]{subsection.5.15.1}{\376\377\0005\000.\0001\0005\000.\0001\000\040\000D\000e\000s\000c\000r\000i\000p\000t\000i\000o\000n\000\040\000d\000\351\000t\000a\000i\000l\000l\000\351\000e}{section.5.15}% 256
\BOOKMARK [1][-]{section.5.16}{\376\377\0005\000.\0001\0006\000\040\000x\000b\000e\000e\000l\000i\000b\000.\000h}{chapter.5}% 257
\BOOKMARK [0][-]{section*.27}{\376\377\000I\000n\000d\000e\000x}{}% 258
